{"/home/david/Programming/projects/Back-End/caption/test/main.js":{"path":"/home/david/Programming/projects/Back-End/caption/test/main.js","statementMap":{"0":{"start":{"line":1,"column":0},"end":{"line":1,"column":21}},"1":{"start":{"line":2,"column":0},"end":{"line":2,"column":25}},"2":{"start":{"line":3,"column":0},"end":{"line":3,"column":19}}},"fnMap":{},"branchMap":{},"s":{"0":1,"1":1,"2":1},"f":{},"b":{},"_coverageSchema":"1a1c01bbd47fc00a2c39e90264f33305004495a9","hash":"81ccf9784ce2e33a0c2142dfd9f51ba3205c8741","contentHash":"3381b632a7437516a3b38ab17d36611bda78bb998462d489aa1bf049bace1ebb"},"/home/david/Programming/projects/Back-End/caption/test/starting.js":{"path":"/home/david/Programming/projects/Back-End/caption/test/starting.js","statementMap":{"0":{"start":{"line":1,"column":41},"end":{"line":1,"column":60}},"1":{"start":{"line":3,"column":0},"end":{"line":26,"column":2}},"2":{"start":{"line":4,"column":2},"end":{"line":25,"column":4}},"3":{"start":{"line":5,"column":4},"end":{"line":5,"column":26}},"4":{"start":{"line":7,"column":4},"end":{"line":24,"column":6}},"5":{"start":{"line":8,"column":23},"end":{"line":8,"column":51}},"6":{"start":{"line":9,"column":24},"end":{"line":11,"column":8}},"7":{"start":{"line":10,"column":8},"end":{"line":10,"column":29}},"8":{"start":{"line":12,"column":26},"end":{"line":12,"column":30}},"9":{"start":{"line":13,"column":27},"end":{"line":13,"column":29}},"10":{"start":{"line":15,"column":6},"end":{"line":15,"column":29}},"11":{"start":{"line":16,"column":6},"end":{"line":19,"column":7}},"12":{"start":{"line":17,"column":22},"end":{"line":17,"column":54}},"13":{"start":{"line":18,"column":8},"end":{"line":18,"column":32}},"14":{"start":{"line":21,"column":6},"end":{"line":23,"column":7}},"15":{"start":{"line":22,"column":8},"end":{"line":22,"column":49}}},"fnMap":{"0":{"name":"(anonymous_0)","decl":{"start":{"line":3,"column":29},"end":{"line":3,"column":30}},"loc":{"start":{"line":3,"column":35},"end":{"line":26,"column":1}},"line":3},"1":{"name":"(anonymous_1)","decl":{"start":{"line":4,"column":35},"end":{"line":4,"column":36}},"loc":{"start":{"line":4,"column":47},"end":{"line":25,"column":3}},"line":4},"2":{"name":"(anonymous_2)","decl":{"start":{"line":7,"column":69},"end":{"line":7,"column":70}},"loc":{"start":{"line":7,"column":87},"end":{"line":24,"column":5}},"line":7},"3":{"name":"(anonymous_3)","decl":{"start":{"line":9,"column":65},"end":{"line":9,"column":66}},"loc":{"start":{"line":9,"column":76},"end":{"line":11,"column":7}},"line":9}},"branchMap":{},"s":{"0":1,"1":1,"2":1,"3":1,"4":1,"5":1,"6":1,"7":3,"8":1,"9":1,"10":1,"11":1,"12":3,"13":3,"14":1,"15":3},"f":{"0":1,"1":1,"2":1,"3":3},"b":{},"_coverageSchema":"1a1c01bbd47fc00a2c39e90264f33305004495a9","hash":"d928dcbac0416d13c9581befb696f5d19395bac7","contentHash":"5f4a284bef3bf346a6fd67eb45e8707cdd9abf8103f88f0fa9dc7919f47007f0"},"/home/david/Programming/projects/Back-End/caption/test/common.js":{"path":"/home/david/Programming/projects/Back-End/caption/test/common.js","statementMap":{"0":{"start":{"line":2,"column":24},"end":{"line":2,"column":41}},"1":{"start":{"line":3,"column":19},"end":{"line":3,"column":34}},"2":{"start":{"line":4,"column":21},"end":{"line":4,"column":37}},"3":{"start":{"line":5,"column":11},"end":{"line":5,"column":24}},"4":{"start":{"line":6,"column":28},"end":{"line":6,"column":52}},"5":{"start":{"line":7,"column":15},"end":{"line":7,"column":44}},"6":{"start":{"line":8,"column":16},"end":{"line":8,"column":36}},"7":{"start":{"line":9,"column":11},"end":{"line":9,"column":33}},"8":{"start":{"line":10,"column":16},"end":{"line":10,"column":44}},"9":{"start":{"line":11,"column":25},"end":{"line":11,"column":49}},"10":{"start":{"line":13,"column":0},"end":{"line":13,"column":17}},"11":{"start":{"line":14,"column":0},"end":{"line":14,"column":23}},"12":{"start":{"line":15,"column":0},"end":{"line":15,"column":27}},"13":{"start":{"line":16,"column":0},"end":{"line":16,"column":15}},"14":{"start":{"line":17,"column":0},"end":{"line":17,"column":41}},"15":{"start":{"line":18,"column":0},"end":{"line":18,"column":23}},"16":{"start":{"line":19,"column":0},"end":{"line":19,"column":25}},"17":{"start":{"line":20,"column":0},"end":{"line":20,"column":15}},"18":{"start":{"line":21,"column":0},"end":{"line":21,"column":23}},"19":{"start":{"line":22,"column":0},"end":{"line":22,"column":25}},"20":{"start":{"line":23,"column":0},"end":{"line":23,"column":43}}},"fnMap":{},"branchMap":{},"s":{"0":1,"1":1,"2":1,"3":1,"4":1,"5":1,"6":1,"7":1,"8":1,"9":1,"10":1,"11":1,"12":1,"13":1,"14":1,"15":1,"16":1,"17":1,"18":1,"19":1,"20":1},"f":{},"b":{},"_coverageSchema":"1a1c01bbd47fc00a2c39e90264f33305004495a9","hash":"0e285c4f995b72fd11ae2e3ec1646f85dd1e9ca3","contentHash":"bdc1759311390b5d3b88a59704e1b21567eff80c197677c03ad0703624f86217"},"/home/david/Programming/projects/Back-End/caption/app.js":{"path":"/home/david/Programming/projects/Back-End/caption/app.js","statementMap":{"0":{"start":{"line":1,"column":12},"end":{"line":1,"column":31}},"1":{"start":{"line":2,"column":14},"end":{"line":2,"column":30}},"2":{"start":{"line":3,"column":11},"end":{"line":3,"column":24}},"3":{"start":{"line":4,"column":19},"end":{"line":4,"column":45}},"4":{"start":{"line":5,"column":27},"end":{"line":5,"column":54}},"5":{"start":{"line":7,"column":0},"end":{"line":7,"column":26}},"6":{"start":{"line":9,"column":13},"end":{"line":9,"column":37}},"7":{"start":{"line":13,"column":15},"end":{"line":19,"column":1}},"8":{"start":{"line":21,"column":0},"end":{"line":23,"column":2}},"9":{"start":{"line":22,"column":2},"end":{"line":22,"column":60}},"10":{"start":{"line":29,"column":0},"end":{"line":29,"column":32}}},"fnMap":{"0":{"name":"(anonymous_0)","decl":{"start":{"line":21,"column":20},"end":{"line":21,"column":21}},"loc":{"start":{"line":21,"column":26},"end":{"line":23,"column":1}},"line":21}},"branchMap":{"0":{"loc":{"start":{"line":9,"column":13},"end":{"line":9,"column":37}},"type":"binary-expr","locations":[{"start":{"line":9,"column":13},"end":{"line":9,"column":29}},{"start":{"line":9,"column":33},"end":{"line":9,"column":37}}],"line":9}},"s":{"0":1,"1":1,"2":1,"3":1,"4":1,"5":1,"6":1,"7":1,"8":1,"9":1,"10":1},"f":{"0":1},"b":{"0":[1,1]},"_coverageSchema":"1a1c01bbd47fc00a2c39e90264f33305004495a9","hash":"df932da01eb9da052ec9943f801d1fd866524982","contentHash":"275c7c4c16a0eb762e934b128b106c37994ea902933da2f517409254cda36748"},"/home/david/Programming/projects/Back-End/caption/server/index.js":{"path":"/home/david/Programming/projects/Back-End/caption/server/index.js","statementMap":{"0":{"start":{"line":1,"column":16},"end":{"line":1,"column":34}},"1":{"start":{"line":2,"column":16},"end":{"line":2,"column":42}},"2":{"start":{"line":3,"column":15},"end":{"line":3,"column":32}},"3":{"start":{"line":4,"column":21},"end":{"line":4,"column":45}},"4":{"start":{"line":6,"column":15},"end":{"line":6,"column":41}},"5":{"start":{"line":7,"column":23},"end":{"line":7,"column":47}},"6":{"start":{"line":9,"column":0},"end":{"line":9,"column":26}},"7":{"start":{"line":10,"column":12},"end":{"line":10,"column":21}},"8":{"start":{"line":12,"column":0},"end":{"line":12,"column":19}},"9":{"start":{"line":14,"column":0},"end":{"line":14,"column":23}},"10":{"start":{"line":16,"column":0},"end":{"line":16,"column":47}},"11":{"start":{"line":18,"column":0},"end":{"line":18,"column":33}},"12":{"start":{"line":20,"column":0},"end":{"line":31,"column":1}},"13":{"start":{"line":33,"column":0},"end":{"line":33,"column":49}},"14":{"start":{"line":35,"column":0},"end":{"line":35,"column":17}},"15":{"start":{"line":37,"column":0},"end":{"line":37,"column":20}},"16":{"start":{"line":39,"column":0},"end":{"line":39,"column":20}}},"fnMap":{},"branchMap":{},"s":{"0":1,"1":1,"2":1,"3":1,"4":1,"5":1,"6":1,"7":1,"8":1,"9":1,"10":1,"11":1,"12":1,"13":1,"14":1,"15":1,"16":1},"f":{},"b":{},"_coverageSchema":"1a1c01bbd47fc00a2c39e90264f33305004495a9","hash":"600c88860d006f446a9390464b783a30ddbc2df1","contentHash":"01b59072e013384164326804e2e851c4e08e1d2bb87a6dabed44a1b6f34c6d9d"},"/home/david/Programming/projects/Back-End/caption/routes/index.js":{"path":"/home/david/Programming/projects/Back-End/caption/routes/index.js","statementMap":{"0":{"start":{"line":3,"column":23},"end":{"line":3,"column":44}},"1":{"start":{"line":4,"column":20},"end":{"line":4,"column":38}},"2":{"start":{"line":5,"column":21},"end":{"line":5,"column":40}},"3":{"start":{"line":6,"column":21},"end":{"line":6,"column":40}},"4":{"start":{"line":7,"column":23},"end":{"line":7,"column":44}},"5":{"start":{"line":8,"column":20},"end":{"line":8,"column":38}},"6":{"start":{"line":10,"column":27},"end":{"line":10,"column":68}},"7":{"start":{"line":12,"column":2},"end":{"line":12,"column":47}},"8":{"start":{"line":13,"column":33},"end":{"line":13,"column":68}},"9":{"start":{"line":15,"column":19},"end":{"line":15,"column":37}},"10":{"start":{"line":16,"column":15},"end":{"line":16,"column":23}},"11":{"start":{"line":18,"column":0},"end":{"line":20,"column":2}},"12":{"start":{"line":19,"column":2},"end":{"line":19,"column":55}},"13":{"start":{"line":22,"column":0},"end":{"line":22,"column":33}},"14":{"start":{"line":23,"column":0},"end":{"line":23,"column":39}},"15":{"start":{"line":25,"column":0},"end":{"line":25,"column":26}},"16":{"start":{"line":26,"column":0},"end":{"line":26,"column":32}},"17":{"start":{"line":28,"column":0},"end":{"line":28,"column":39}},"18":{"start":{"line":29,"column":0},"end":{"line":29,"column":35}},"19":{"start":{"line":30,"column":0},"end":{"line":30,"column":33}},"20":{"start":{"line":31,"column":0},"end":{"line":31,"column":35}},"21":{"start":{"line":33,"column":0},"end":{"line":33,"column":43}},"22":{"start":{"line":35,"column":0},"end":{"line":37,"column":2}},"23":{"start":{"line":36,"column":2},"end":{"line":36,"column":11}},"24":{"start":{"line":39,"column":0},"end":{"line":45,"column":2}},"25":{"start":{"line":40,"column":2},"end":{"line":40,"column":15}},"26":{"start":{"line":42,"column":2},"end":{"line":44,"column":3}},"27":{"start":{"line":43,"column":4},"end":{"line":43,"column":19}},"28":{"start":{"line":47,"column":0},"end":{"line":47,"column":23}}},"fnMap":{"0":{"name":"(anonymous_0)","decl":{"start":{"line":18,"column":16},"end":{"line":18,"column":17}},"loc":{"start":{"line":18,"column":30},"end":{"line":20,"column":1}},"line":18},"1":{"name":"(anonymous_1)","decl":{"start":{"line":35,"column":33},"end":{"line":35,"column":34}},"loc":{"start":{"line":35,"column":42},"end":{"line":37,"column":1}},"line":35},"2":{"name":"(anonymous_2)","decl":{"start":{"line":39,"column":32},"end":{"line":39,"column":33}},"loc":{"start":{"line":39,"column":41},"end":{"line":45,"column":1}},"line":39}},"branchMap":{"0":{"loc":{"start":{"line":42,"column":2},"end":{"line":44,"column":3}},"type":"if","locations":[{"start":{"line":42,"column":2},"end":{"line":44,"column":3}},{"start":{"line":42,"column":2},"end":{"line":44,"column":3}}],"line":42}},"s":{"0":1,"1":1,"2":1,"3":1,"4":1,"5":1,"6":1,"7":1,"8":1,"9":1,"10":1,"11":1,"12":1,"13":1,"14":1,"15":1,"16":1,"17":1,"18":1,"19":1,"20":1,"21":1,"22":1,"23":0,"24":1,"25":0,"26":0,"27":0,"28":1},"f":{"0":1,"1":0,"2":0},"b":{"0":[0,0]},"_coverageSchema":"1a1c01bbd47fc00a2c39e90264f33305004495a9","hash":"0c0eebd1e4aca14dce63c9a45d46c8cca6451a22","contentHash":"a9c7cce8291f7753c6d0b26ffc5b5995f2c237eb397332f74ac88aeab2d3bbb3"},"/home/david/Programming/projects/Back-End/caption/routes/captions.js":{"path":"/home/david/Programming/projects/Back-End/caption/routes/captions.js","statementMap":{"0":{"start":{"line":1,"column":16},"end":{"line":1,"column":34}},"1":{"start":{"line":2,"column":23},"end":{"line":2,"column":39}},"2":{"start":{"line":3,"column":32},"end":{"line":3,"column":63}},"3":{"start":{"line":9,"column":4},"end":{"line":9,"column":46}},"4":{"start":{"line":11,"column":0},"end":{"line":11,"column":69}},"5":{"start":{"line":13,"column":0},"end":{"line":17,"column":1}},"6":{"start":{"line":19,"column":0},"end":{"line":19,"column":80}},"7":{"start":{"line":21,"column":0},"end":{"line":21,"column":65}},"8":{"start":{"line":23,"column":0},"end":{"line":27,"column":1}},"9":{"start":{"line":29,"column":0},"end":{"line":33,"column":1}},"10":{"start":{"line":35,"column":0},"end":{"line":35,"column":71}},"11":{"start":{"line":37,"column":0},"end":{"line":37,"column":31}}},"fnMap":{},"branchMap":{},"s":{"0":1,"1":1,"2":1,"3":1,"4":1,"5":1,"6":1,"7":1,"8":1,"9":1,"10":1,"11":1},"f":{},"b":{},"_coverageSchema":"1a1c01bbd47fc00a2c39e90264f33305004495a9","hash":"008aaf0b2fc3fcc44f39454a9457fdfb66e6a459","contentHash":"64c26721f4346515909773e1d93f82ce7247a120cada25a3419496ec0b3b486a"},"/home/david/Programming/projects/Back-End/caption/controllers/index.js":{"path":"/home/david/Programming/projects/Back-End/caption/controllers/index.js","statementMap":{"0":{"start":{"line":1,"column":18},"end":{"line":1,"column":40}},"1":{"start":{"line":2,"column":28},"end":{"line":2,"column":49}},"2":{"start":{"line":3,"column":22},"end":{"line":3,"column":48}},"3":{"start":{"line":4,"column":25},"end":{"line":4,"column":43}},"4":{"start":{"line":5,"column":26},"end":{"line":5,"column":45}},"5":{"start":{"line":6,"column":26},"end":{"line":6,"column":45}},"6":{"start":{"line":7,"column":28},"end":{"line":7,"column":49}},"7":{"start":{"line":8,"column":25},"end":{"line":8,"column":43}},"8":{"start":{"line":9,"column":19},"end":{"line":9,"column":42}},"9":{"start":{"line":11,"column":0},"end":{"line":21,"column":1}}},"fnMap":{},"branchMap":{},"s":{"0":1,"1":1,"2":1,"3":1,"4":1,"5":1,"6":1,"7":1,"8":1,"9":1},"f":{},"b":{},"_coverageSchema":"1a1c01bbd47fc00a2c39e90264f33305004495a9","hash":"df249dea7ca9d31935eccefc37ae13a3c40bb289","contentHash":"3487bd8dfc96eff71d9aa1a22a959c7f78d462ab014470851dcbc9ca0cde746b"},"/home/david/Programming/projects/Back-End/caption/controllers/authorize.js":{"path":"/home/david/Programming/projects/Back-End/caption/controllers/authorize.js","statementMap":{"0":{"start":{"line":1,"column":24},"end":{"line":1,"column":58}},"1":{"start":{"line":3,"column":0},"end":{"line":9,"column":1}},"2":{"start":{"line":4,"column":2},"end":{"line":7,"column":3}},"3":{"start":{"line":5,"column":4},"end":{"line":5,"column":10}},"4":{"start":{"line":6,"column":4},"end":{"line":6,"column":10}},"5":{"start":{"line":8,"column":2},"end":{"line":8,"column":67}}},"fnMap":{"0":{"name":"(anonymous_0)","decl":{"start":{"line":3,"column":25},"end":{"line":3,"column":26}},"loc":{"start":{"line":3,"column":45},"end":{"line":9,"column":1}},"line":3}},"branchMap":{"0":{"loc":{"start":{"line":4,"column":2},"end":{"line":7,"column":3}},"type":"if","locations":[{"start":{"line":4,"column":2},"end":{"line":7,"column":3}},{"start":{"line":4,"column":2},"end":{"line":7,"column":3}}],"line":4}},"s":{"0":1,"1":1,"2":88,"3":86,"4":86,"5":2},"f":{"0":88},"b":{"0":[86,2]},"_coverageSchema":"1a1c01bbd47fc00a2c39e90264f33305004495a9","hash":"4766e845a9ee6f3a2c652c39cdf01edb98b23ead","contentHash":"13a80e62271bbb98309d84f8afebb9aba6ca430a6309e7cfa101e7e0b8d4b46d"},"/home/david/Programming/projects/Back-End/caption/util/index.js":{"path":"/home/david/Programming/projects/Back-End/caption/util/index.js","statementMap":{"0":{"start":{"line":1,"column":18},"end":{"line":1,"column":40}},"1":{"start":{"line":2,"column":21},"end":{"line":2,"column":46}},"2":{"start":{"line":3,"column":18},"end":{"line":3,"column":40}},"3":{"start":{"line":4,"column":19},"end":{"line":4,"column":42}},"4":{"start":{"line":5,"column":19},"end":{"line":5,"column":42}},"5":{"start":{"line":6,"column":24},"end":{"line":6,"column":52}},"6":{"start":{"line":7,"column":15},"end":{"line":7,"column":34}},"7":{"start":{"line":8,"column":21},"end":{"line":8,"column":46}},"8":{"start":{"line":9,"column":15},"end":{"line":9,"column":34}},"9":{"start":{"line":11,"column":0},"end":{"line":21,"column":1}}},"fnMap":{},"branchMap":{},"s":{"0":1,"1":1,"2":1,"3":1,"4":1,"5":1,"6":1,"7":1,"8":1,"9":1},"f":{},"b":{},"_coverageSchema":"1a1c01bbd47fc00a2c39e90264f33305004495a9","hash":"1e3d07245bc72a463a7eeb1802011649cc1fa4f4","contentHash":"686dd80fa61907188e29b485a3595c5d81ff7b8aa57a25ac8b4fdaa5340f1737"},"/home/david/Programming/projects/Back-End/caption/util/apiErrors.js":{"path":"/home/david/Programming/projects/Back-End/caption/util/apiErrors.js","statementMap":{"0":{"start":{"line":1,"column":24},"end":{"line":1,"column":52}},"1":{"start":{"line":2,"column":18},"end":{"line":2,"column":40}},"2":{"start":{"line":11,"column":4},"end":{"line":11,"column":55}},"3":{"start":{"line":22,"column":4},"end":{"line":22,"column":55}},"4":{"start":{"line":33,"column":4},"end":{"line":33,"column":55}},"5":{"start":{"line":44,"column":4},"end":{"line":44,"column":55}},"6":{"start":{"line":55,"column":4},"end":{"line":55,"column":55}},"7":{"start":{"line":59,"column":0},"end":{"line":65,"column":1}}},"fnMap":{"0":{"name":"(anonymous_0)","decl":{"start":{"line":5,"column":2},"end":{"line":5,"column":3}},"loc":{"start":{"line":10,"column":4},"end":{"line":12,"column":3}},"line":10},"1":{"name":"(anonymous_1)","decl":{"start":{"line":16,"column":2},"end":{"line":16,"column":3}},"loc":{"start":{"line":21,"column":4},"end":{"line":23,"column":3}},"line":21},"2":{"name":"(anonymous_2)","decl":{"start":{"line":27,"column":2},"end":{"line":27,"column":3}},"loc":{"start":{"line":32,"column":4},"end":{"line":34,"column":3}},"line":32},"3":{"name":"(anonymous_3)","decl":{"start":{"line":38,"column":2},"end":{"line":38,"column":3}},"loc":{"start":{"line":43,"column":4},"end":{"line":45,"column":3}},"line":43},"4":{"name":"(anonymous_4)","decl":{"start":{"line":49,"column":2},"end":{"line":49,"column":3}},"loc":{"start":{"line":54,"column":4},"end":{"line":56,"column":3}},"line":54}},"branchMap":{"0":{"loc":{"start":{"line":7,"column":4},"end":{"line":7,"column":44}},"type":"default-arg","locations":[{"start":{"line":7,"column":17},"end":{"line":7,"column":44}}],"line":7},"1":{"loc":{"start":{"line":8,"column":4},"end":{"line":8,"column":25}},"type":"default-arg","locations":[{"start":{"line":8,"column":11},"end":{"line":8,"column":25}}],"line":8},"2":{"loc":{"start":{"line":9,"column":4},"end":{"line":9,"column":24}},"type":"default-arg","locations":[{"start":{"line":9,"column":20},"end":{"line":9,"column":24}}],"line":9},"3":{"loc":{"start":{"line":18,"column":4},"end":{"line":18,"column":45}},"type":"default-arg","locations":[{"start":{"line":18,"column":17},"end":{"line":18,"column":45}}],"line":18},"4":{"loc":{"start":{"line":19,"column":4},"end":{"line":19,"column":26}},"type":"default-arg","locations":[{"start":{"line":19,"column":11},"end":{"line":19,"column":26}}],"line":19},"5":{"loc":{"start":{"line":20,"column":4},"end":{"line":20,"column":24}},"type":"default-arg","locations":[{"start":{"line":20,"column":20},"end":{"line":20,"column":24}}],"line":20},"6":{"loc":{"start":{"line":29,"column":4},"end":{"line":29,"column":42}},"type":"default-arg","locations":[{"start":{"line":29,"column":17},"end":{"line":29,"column":42}}],"line":29},"7":{"loc":{"start":{"line":30,"column":4},"end":{"line":30,"column":23}},"type":"default-arg","locations":[{"start":{"line":30,"column":11},"end":{"line":30,"column":23}}],"line":30},"8":{"loc":{"start":{"line":31,"column":4},"end":{"line":31,"column":24}},"type":"default-arg","locations":[{"start":{"line":31,"column":20},"end":{"line":31,"column":24}}],"line":31},"9":{"loc":{"start":{"line":40,"column":4},"end":{"line":40,"column":42}},"type":"default-arg","locations":[{"start":{"line":40,"column":17},"end":{"line":40,"column":42}}],"line":40},"10":{"loc":{"start":{"line":41,"column":4},"end":{"line":41,"column":23}},"type":"default-arg","locations":[{"start":{"line":41,"column":11},"end":{"line":41,"column":23}}],"line":41},"11":{"loc":{"start":{"line":42,"column":4},"end":{"line":42,"column":24}},"type":"default-arg","locations":[{"start":{"line":42,"column":20},"end":{"line":42,"column":24}}],"line":42},"12":{"loc":{"start":{"line":51,"column":4},"end":{"line":51,"column":54}},"type":"default-arg","locations":[{"start":{"line":51,"column":17},"end":{"line":51,"column":54}}],"line":51},"13":{"loc":{"start":{"line":52,"column":4},"end":{"line":52,"column":35}},"type":"default-arg","locations":[{"start":{"line":52,"column":11},"end":{"line":52,"column":35}}],"line":52},"14":{"loc":{"start":{"line":53,"column":4},"end":{"line":53,"column":25}},"type":"default-arg","locations":[{"start":{"line":53,"column":20},"end":{"line":53,"column":25}}],"line":53}},"s":{"0":1,"1":1,"2":18,"3":2,"4":8,"5":3,"6":0,"7":1},"f":{"0":18,"1":2,"2":8,"3":3,"4":0},"b":{"0":[18],"1":[18],"2":[18],"3":[2],"4":[2],"5":[2],"6":[8],"7":[8],"8":[8],"9":[3],"10":[3],"11":[3],"12":[0],"13":[0],"14":[0]},"_coverageSchema":"1a1c01bbd47fc00a2c39e90264f33305004495a9","hash":"c3337e6cfd9c75010aba12c844a3d30ba43bad0a","contentHash":"b8acdae81722000d011d8d0a40dae5ece28aff9cdc7e2dcc4f3ab4d8be015c5b"},"/home/david/Programming/projects/Back-End/caption/util/httpStatusCodes.js":{"path":"/home/david/Programming/projects/Back-End/caption/util/httpStatusCodes.js","statementMap":{"0":{"start":{"line":1,"column":24},"end":{"line":10,"column":1}},"1":{"start":{"line":12,"column":0},"end":{"line":12,"column":32}}},"fnMap":{},"branchMap":{},"s":{"0":1,"1":1},"f":{},"b":{},"_coverageSchema":"1a1c01bbd47fc00a2c39e90264f33305004495a9","hash":"a6cd64216e029cba329c5959e0e5f941462e3c08","contentHash":"b56ab2e3085b5b9371d2c6c93224683a3328ae661005e32aac9297a97834afaf"},"/home/david/Programming/projects/Back-End/caption/util/baseError.js":{"path":"/home/david/Programming/projects/Back-End/caption/util/baseError.js","statementMap":{"0":{"start":{"line":3,"column":4},"end":{"line":3,"column":15}},"1":{"start":{"line":5,"column":4},"end":{"line":5,"column":53}},"2":{"start":{"line":6,"column":4},"end":{"line":6,"column":34}},"3":{"start":{"line":7,"column":4},"end":{"line":7,"column":32}},"4":{"start":{"line":8,"column":4},"end":{"line":8,"column":38}},"5":{"start":{"line":9,"column":4},"end":{"line":9,"column":33}},"6":{"start":{"line":13,"column":0},"end":{"line":13,"column":26}}},"fnMap":{"0":{"name":"(anonymous_0)","decl":{"start":{"line":2,"column":2},"end":{"line":2,"column":3}},"loc":{"start":{"line":2,"column":60},"end":{"line":10,"column":3}},"line":2}},"branchMap":{},"s":{"0":31,"1":31,"2":31,"3":31,"4":31,"5":31,"6":1},"f":{"0":31},"b":{},"_coverageSchema":"1a1c01bbd47fc00a2c39e90264f33305004495a9","hash":"9ddd0c9a2b54f36b5709d2f15dc12dccba2b1825","contentHash":"8be12289a3f9f986381170bad6324531d33eddfcae10f9657714ac8c05da3172"},"/home/david/Programming/projects/Back-End/caption/util/authenticate.js":{"path":"/home/david/Programming/projects/Back-End/caption/util/authenticate.js","statementMap":{"0":{"start":{"line":1,"column":15},"end":{"line":1,"column":32}},"1":{"start":{"line":2,"column":15},"end":{"line":2,"column":44}},"2":{"start":{"line":3,"column":24},"end":{"line":3,"column":46}},"3":{"start":{"line":5,"column":23},"end":{"line":17,"column":1}},"4":{"start":{"line":6,"column":15},"end":{"line":10,"column":4}},"5":{"start":{"line":12,"column":2},"end":{"line":14,"column":3}},"6":{"start":{"line":13,"column":4},"end":{"line":13,"column":68}},"7":{"start":{"line":16,"column":2},"end":{"line":16,"column":24}},"8":{"start":{"line":19,"column":24},"end":{"line":27,"column":1}},"9":{"start":{"line":20,"column":25},"end":{"line":20,"column":70}},"10":{"start":{"line":22,"column":2},"end":{"line":26,"column":3}},"11":{"start":{"line":23,"column":4},"end":{"line":25,"column":5}},"12":{"start":{"line":29,"column":21},"end":{"line":35,"column":1}},"13":{"start":{"line":30,"column":15},"end":{"line":30,"column":45}},"14":{"start":{"line":32,"column":2},"end":{"line":32,"column":39}},"15":{"start":{"line":34,"column":2},"end":{"line":34,"column":13}},"16":{"start":{"line":37,"column":0},"end":{"line":37,"column":66}}},"fnMap":{"0":{"name":"(anonymous_0)","decl":{"start":{"line":5,"column":23},"end":{"line":5,"column":24}},"loc":{"start":{"line":5,"column":43},"end":{"line":17,"column":1}},"line":5},"1":{"name":"(anonymous_1)","decl":{"start":{"line":19,"column":24},"end":{"line":19,"column":25}},"loc":{"start":{"line":19,"column":50},"end":{"line":27,"column":1}},"line":19},"2":{"name":"(anonymous_2)","decl":{"start":{"line":29,"column":21},"end":{"line":29,"column":22}},"loc":{"start":{"line":29,"column":51},"end":{"line":35,"column":1}},"line":29}},"branchMap":{"0":{"loc":{"start":{"line":12,"column":2},"end":{"line":14,"column":3}},"type":"if","locations":[{"start":{"line":12,"column":2},"end":{"line":14,"column":3}},{"start":{"line":12,"column":2},"end":{"line":14,"column":3}}],"line":12},"1":{"loc":{"start":{"line":22,"column":2},"end":{"line":26,"column":3}},"type":"if","locations":[{"start":{"line":22,"column":2},"end":{"line":26,"column":3}},{"start":{"line":22,"column":2},"end":{"line":26,"column":3}}],"line":22}},"s":{"0":1,"1":1,"2":1,"3":1,"4":22,"5":22,"6":1,"7":21,"8":1,"9":21,"10":21,"11":1,"12":1,"13":22,"14":21,"15":20,"16":1},"f":{"0":22,"1":21,"2":22},"b":{"0":[1,21],"1":[1,20]},"_coverageSchema":"1a1c01bbd47fc00a2c39e90264f33305004495a9","hash":"85b3f1e5e997b03cae96c657438fb650eaffd3bd","contentHash":"03aad0f271052eb64260d06a909f668385e17c7ab85939172ec2d519ea7063ae"},"/home/david/Programming/projects/Back-End/caption/database/config/config.js":{"path":"/home/david/Programming/projects/Back-End/caption/database/config/config.js","statementMap":{"0":{"start":{"line":1,"column":0},"end":{"line":1,"column":26}},"1":{"start":{"line":3,"column":0},"end":{"line":17,"column":1}}},"fnMap":{},"branchMap":{},"s":{"0":1,"1":1},"f":{},"b":{},"_coverageSchema":"1a1c01bbd47fc00a2c39e90264f33305004495a9","hash":"914269ddcb352b53311e86bc22bde01b7a6c1bbb","contentHash":"3bd4f85a0a0035c23b94ae5dd082411ae2bee207197c4a969237ac7507b6b8d1"},"/home/david/Programming/projects/Back-End/caption/database/models/caption.js":{"path":"/home/david/Programming/projects/Back-End/caption/database/models/caption.js","statementMap":{"0":{"start":{"line":2,"column":18},"end":{"line":2,"column":38}},"1":{"start":{"line":3,"column":0},"end":{"line":42,"column":1}},"2":{"start":{"line":12,"column":6},"end":{"line":16,"column":8}},"3":{"start":{"line":18,"column":6},"end":{"line":21,"column":8}},"4":{"start":{"line":23,"column":6},"end":{"line":26,"column":8}},"5":{"start":{"line":29,"column":2},"end":{"line":40,"column":3}},"6":{"start":{"line":41,"column":2},"end":{"line":41,"column":16}}},"fnMap":{"0":{"name":"(anonymous_0)","decl":{"start":{"line":3,"column":17},"end":{"line":3,"column":18}},"loc":{"start":{"line":3,"column":43},"end":{"line":42,"column":1}},"line":3},"1":{"name":"(anonymous_1)","decl":{"start":{"line":10,"column":4},"end":{"line":10,"column":5}},"loc":{"start":{"line":10,"column":29},"end":{"line":27,"column":5}},"line":10}},"branchMap":{},"s":{"0":1,"1":1,"2":1,"3":1,"4":1,"5":1,"6":1},"f":{"0":1,"1":1},"b":{},"_coverageSchema":"1a1c01bbd47fc00a2c39e90264f33305004495a9","hash":"106a16ddcde41761146a14b823546ae44f15d590","contentHash":"63207ece123c9ac1b5fb66c23a9c38110d89f59b44ff202ce0ec0aa33bb8f941"},"/home/david/Programming/projects/Back-End/caption/database/models/photo.js":{"path":"/home/david/Programming/projects/Back-End/caption/database/models/photo.js","statementMap":{"0":{"start":{"line":2,"column":18},"end":{"line":2,"column":38}},"1":{"start":{"line":3,"column":0},"end":{"line":37,"column":1}},"2":{"start":{"line":12,"column":6},"end":{"line":16,"column":8}},"3":{"start":{"line":18,"column":6},"end":{"line":22,"column":8}},"4":{"start":{"line":25,"column":2},"end":{"line":35,"column":3}},"5":{"start":{"line":36,"column":2},"end":{"line":36,"column":14}}},"fnMap":{"0":{"name":"(anonymous_0)","decl":{"start":{"line":3,"column":17},"end":{"line":3,"column":18}},"loc":{"start":{"line":3,"column":43},"end":{"line":37,"column":1}},"line":3},"1":{"name":"(anonymous_1)","decl":{"start":{"line":10,"column":4},"end":{"line":10,"column":5}},"loc":{"start":{"line":10,"column":29},"end":{"line":23,"column":5}},"line":10}},"branchMap":{},"s":{"0":1,"1":1,"2":1,"3":1,"4":1,"5":1},"f":{"0":1,"1":1},"b":{},"_coverageSchema":"1a1c01bbd47fc00a2c39e90264f33305004495a9","hash":"30a015d555069464e0f544b506d48f0ee7ef2827","contentHash":"9bc08c2604fe5c691969ba44ab6e8865e1fc753738fb27b2aa077820cd05655b"},"/home/david/Programming/projects/Back-End/caption/database/models/user.js":{"path":"/home/david/Programming/projects/Back-End/caption/database/models/user.js","statementMap":{"0":{"start":{"line":2,"column":18},"end":{"line":2,"column":38}},"1":{"start":{"line":3,"column":0},"end":{"line":43,"column":1}},"2":{"start":{"line":12,"column":6},"end":{"line":16,"column":8}},"3":{"start":{"line":18,"column":6},"end":{"line":22,"column":8}},"4":{"start":{"line":24,"column":6},"end":{"line":28,"column":8}},"5":{"start":{"line":31,"column":2},"end":{"line":41,"column":3}},"6":{"start":{"line":42,"column":2},"end":{"line":42,"column":13}}},"fnMap":{"0":{"name":"(anonymous_0)","decl":{"start":{"line":3,"column":17},"end":{"line":3,"column":18}},"loc":{"start":{"line":3,"column":43},"end":{"line":43,"column":1}},"line":3},"1":{"name":"(anonymous_1)","decl":{"start":{"line":10,"column":4},"end":{"line":10,"column":5}},"loc":{"start":{"line":10,"column":29},"end":{"line":29,"column":5}},"line":10}},"branchMap":{},"s":{"0":1,"1":1,"2":1,"3":1,"4":1,"5":1,"6":1},"f":{"0":1,"1":1},"b":{},"_coverageSchema":"1a1c01bbd47fc00a2c39e90264f33305004495a9","hash":"aec27234950818c5fd603a6508e2807f30736962","contentHash":"5a25d57fe43eda47efdf7430c124a996bc2c71ab1cfe99208b4051f955b69258"},"/home/david/Programming/projects/Back-End/caption/database/models/vote.js":{"path":"/home/david/Programming/projects/Back-End/caption/database/models/vote.js","statementMap":{"0":{"start":{"line":2,"column":18},"end":{"line":2,"column":38}},"1":{"start":{"line":3,"column":0},"end":{"line":34,"column":1}},"2":{"start":{"line":12,"column":6},"end":{"line":15,"column":8}},"3":{"start":{"line":17,"column":6},"end":{"line":20,"column":8}},"4":{"start":{"line":23,"column":2},"end":{"line":32,"column":3}},"5":{"start":{"line":33,"column":2},"end":{"line":33,"column":13}}},"fnMap":{"0":{"name":"(anonymous_0)","decl":{"start":{"line":3,"column":17},"end":{"line":3,"column":18}},"loc":{"start":{"line":3,"column":43},"end":{"line":34,"column":1}},"line":3},"1":{"name":"(anonymous_1)","decl":{"start":{"line":10,"column":4},"end":{"line":10,"column":5}},"loc":{"start":{"line":10,"column":29},"end":{"line":21,"column":5}},"line":10}},"branchMap":{},"s":{"0":1,"1":1,"2":1,"3":1,"4":1,"5":1},"f":{"0":1,"1":1},"b":{},"_coverageSchema":"1a1c01bbd47fc00a2c39e90264f33305004495a9","hash":"370a691630e3efeceeaf189ff9de89d7278a3e57","contentHash":"be80d3fa81d3168b5043a51c823dd6325cd2920baab2fe4aa3c65bc53fa000e1"},"/home/david/Programming/projects/Back-End/caption/util/doubleCsrf.js":{"path":"/home/david/Programming/projects/Back-End/caption/util/doubleCsrf.js","statementMap":{"0":{"start":{"line":1,"column":23},"end":{"line":1,"column":43}},"1":{"start":{"line":2,"column":0},"end":{"line":2,"column":26}},"2":{"start":{"line":5,"column":2},"end":{"line":14,"column":4}},"3":{"start":{"line":6,"column":24},"end":{"line":6,"column":34}},"4":{"start":{"line":15,"column":0},"end":{"line":15,"column":70}},"5":{"start":{"line":16,"column":0},"end":{"line":20,"column":1}}},"fnMap":{"0":{"name":"(anonymous_0)","decl":{"start":{"line":6,"column":15},"end":{"line":6,"column":16}},"loc":{"start":{"line":6,"column":24},"end":{"line":6,"column":34}},"line":6}},"branchMap":{},"s":{"0":1,"1":1,"2":1,"3":87,"4":1,"5":1},"f":{"0":87},"b":{},"_coverageSchema":"1a1c01bbd47fc00a2c39e90264f33305004495a9","hash":"da03970704d8d170d49b9bb105e72e1823681e45","contentHash":"e2e8d87df368eb074358e40fb82e4c114d96ec4bf4fba2b2be387df6032abcef"},"/home/david/Programming/projects/Back-End/caption/util/httpLogger.js":{"path":"/home/david/Programming/projects/Back-End/caption/util/httpLogger.js","statementMap":{"0":{"start":{"line":1,"column":15},"end":{"line":1,"column":32}},"1":{"start":{"line":10,"column":15},"end":{"line":18,"column":1}},"2":{"start":{"line":11,"column":2},"end":{"line":17,"column":4}},"3":{"start":{"line":20,"column":15},"end":{"line":20,"column":34}},"4":{"start":{"line":21,"column":19},"end":{"line":37,"column":2}},"5":{"start":{"line":25,"column":8},"end":{"line":25,"column":27}},"6":{"start":{"line":27,"column":6},"end":{"line":34,"column":8}},"7":{"start":{"line":39,"column":0},"end":{"line":39,"column":27}}},"fnMap":{"0":{"name":"(anonymous_0)","decl":{"start":{"line":10,"column":15},"end":{"line":10,"column":16}},"loc":{"start":{"line":10,"column":37},"end":{"line":18,"column":1}},"line":10},"1":{"name":"(anonymous_1)","decl":{"start":{"line":23,"column":11},"end":{"line":23,"column":12}},"loc":{"start":{"line":23,"column":24},"end":{"line":35,"column":5}},"line":23}},"branchMap":{},"s":{"0":1,"1":1,"2":124,"3":1,"4":1,"5":124,"6":124,"7":1},"f":{"0":124,"1":124},"b":{},"_coverageSchema":"1a1c01bbd47fc00a2c39e90264f33305004495a9","hash":"cccc6672427a50eaa25042c0bca14632281d2e68","contentHash":"55fb8d9a044a1b98d9ad93be4ac919000e7dd74984a3b1cb95332d6689f2fe51"},"/home/david/Programming/projects/Back-End/caption/util/logger.js":{"path":"/home/david/Programming/projects/Back-End/caption/util/logger.js","statementMap":{"0":{"start":{"line":2,"column":16},"end":{"line":2,"column":34}},"1":{"start":{"line":5,"column":16},"end":{"line":18,"column":1}},"2":{"start":{"line":20,"column":15},"end":{"line":27,"column":2}},"3":{"start":{"line":29,"column":0},"end":{"line":29,"column":23}}},"fnMap":{},"branchMap":{},"s":{"0":1,"1":1,"2":1,"3":1},"f":{},"b":{},"_coverageSchema":"1a1c01bbd47fc00a2c39e90264f33305004495a9","hash":"7aa5f677e5922e6635aa55b2c5d960f75c8fbd02","contentHash":"58c4db96caf20ec327f7e7d848ec2a8153a907c54dc704edc2133ab9ff97c56e"},"/home/david/Programming/projects/Back-End/caption/util/passwordHash.js":{"path":"/home/david/Programming/projects/Back-End/caption/util/passwordHash.js","statementMap":{"0":{"start":{"line":1,"column":15},"end":{"line":1,"column":32}},"1":{"start":{"line":3,"column":0},"end":{"line":6,"column":1}},"2":{"start":{"line":4,"column":15},"end":{"line":4,"column":47}},"3":{"start":{"line":5,"column":2},"end":{"line":5,"column":42}}},"fnMap":{"0":{"name":"(anonymous_0)","decl":{"start":{"line":3,"column":23},"end":{"line":3,"column":24}},"loc":{"start":{"line":3,"column":55},"end":{"line":6,"column":1}},"line":3}},"branchMap":{},"s":{"0":1,"1":1,"2":21,"3":21},"f":{"0":21},"b":{},"_coverageSchema":"1a1c01bbd47fc00a2c39e90264f33305004495a9","hash":"280a24849ff1d8c5d41fd04e127047f4e0e7b8f5","contentHash":"ba7e1a73616fbb5cc863ace250ee8d53c72ad2648ef276208477f5bc6c7402cb"},"/home/david/Programming/projects/Back-End/caption/util/search.js":{"path":"/home/david/Programming/projects/Back-End/caption/util/search.js","statementMap":{"0":{"start":{"line":1,"column":24},"end":{"line":1,"column":46}},"1":{"start":{"line":3,"column":21},"end":{"line":6,"column":1}},"2":{"start":{"line":4,"column":17},"end":{"line":4,"column":53}},"3":{"start":{"line":5,"column":2},"end":{"line":5,"column":68}},"4":{"start":{"line":8,"column":0},"end":{"line":8,"column":35}},"5":{"start":{"line":10,"column":19},"end":{"line":12,"column":1}},"6":{"start":{"line":11,"column":2},"end":{"line":11,"column":38}},"7":{"start":{"line":14,"column":0},"end":{"line":14,"column":31}},"8":{"start":{"line":16,"column":20},"end":{"line":21,"column":1}},"9":{"start":{"line":17,"column":2},"end":{"line":20,"column":3}},"10":{"start":{"line":23,"column":0},"end":{"line":23,"column":33}},"11":{"start":{"line":25,"column":23},"end":{"line":76,"column":1}},"12":{"start":{"line":26,"column":2},"end":{"line":26,"column":41}},"13":{"start":{"line":27,"column":40},"end":{"line":27,"column":48}},"14":{"start":{"line":28,"column":17},"end":{"line":28,"column":56}},"15":{"start":{"line":30,"column":21},"end":{"line":30,"column":34}},"16":{"start":{"line":31,"column":17},"end":{"line":31,"column":19}},"17":{"start":{"line":33,"column":22},"end":{"line":35,"column":4}},"18":{"start":{"line":34,"column":4},"end":{"line":34,"column":48}},"19":{"start":{"line":37,"column":2},"end":{"line":39,"column":3}},"20":{"start":{"line":38,"column":4},"end":{"line":38,"column":37}},"21":{"start":{"line":41,"column":2},"end":{"line":48,"column":3}},"22":{"start":{"line":42,"column":4},"end":{"line":47,"column":5}},"23":{"start":{"line":50,"column":2},"end":{"line":56,"column":3}},"24":{"start":{"line":51,"column":20},"end":{"line":54,"column":5}},"25":{"start":{"line":58,"column":2},"end":{"line":58,"column":57}},"26":{"start":{"line":60,"column":20},"end":{"line":60,"column":46}},"27":{"start":{"line":61,"column":22},"end":{"line":61,"column":50}},"28":{"start":{"line":62,"column":2},"end":{"line":62,"column":80}},"29":{"start":{"line":64,"column":2},"end":{"line":64,"column":19}},"30":{"start":{"line":65,"column":2},"end":{"line":65,"column":21}},"31":{"start":{"line":67,"column":2},"end":{"line":73,"column":3}},"32":{"start":{"line":68,"column":4},"end":{"line":72,"column":28}},"33":{"start":{"line":75,"column":2},"end":{"line":75,"column":35}},"34":{"start":{"line":78,"column":0},"end":{"line":78,"column":39}}},"fnMap":{"0":{"name":"(anonymous_0)","decl":{"start":{"line":3,"column":21},"end":{"line":3,"column":22}},"loc":{"start":{"line":3,"column":36},"end":{"line":6,"column":1}},"line":3},"1":{"name":"(anonymous_1)","decl":{"start":{"line":10,"column":19},"end":{"line":10,"column":20}},"loc":{"start":{"line":10,"column":31},"end":{"line":12,"column":1}},"line":10},"2":{"name":"(anonymous_2)","decl":{"start":{"line":16,"column":20},"end":{"line":16,"column":21}},"loc":{"start":{"line":16,"column":51},"end":{"line":21,"column":1}},"line":16},"3":{"name":"(anonymous_3)","decl":{"start":{"line":25,"column":23},"end":{"line":25,"column":24}},"loc":{"start":{"line":25,"column":74},"end":{"line":76,"column":1}},"line":25},"4":{"name":"(anonymous_4)","decl":{"start":{"line":33,"column":36},"end":{"line":33,"column":37}},"loc":{"start":{"line":33,"column":47},"end":{"line":35,"column":3}},"line":33},"5":{"name":"(anonymous_5)","decl":{"start":{"line":51,"column":4},"end":{"line":51,"column":5}},"loc":{"start":{"line":51,"column":20},"end":{"line":54,"column":5}},"line":51}},"branchMap":{"0":{"loc":{"start":{"line":37,"column":2},"end":{"line":39,"column":3}},"type":"if","locations":[{"start":{"line":37,"column":2},"end":{"line":39,"column":3}},{"start":{"line":37,"column":2},"end":{"line":39,"column":3}}],"line":37},"1":{"loc":{"start":{"line":41,"column":2},"end":{"line":48,"column":3}},"type":"if","locations":[{"start":{"line":41,"column":2},"end":{"line":48,"column":3}},{"start":{"line":41,"column":2},"end":{"line":48,"column":3}}],"line":41},"2":{"loc":{"start":{"line":67,"column":2},"end":{"line":73,"column":3}},"type":"if","locations":[{"start":{"line":67,"column":2},"end":{"line":73,"column":3}},{"start":{"line":67,"column":2},"end":{"line":73,"column":3}}],"line":67}},"s":{"0":1,"1":1,"2":77,"3":77,"4":1,"5":1,"6":9,"7":1,"8":1,"9":28,"10":1,"11":1,"12":15,"13":15,"14":15,"15":15,"16":15,"17":15,"18":45,"19":15,"20":4,"21":11,"22":0,"23":11,"24":13,"25":11,"26":11,"27":11,"28":11,"29":11,"30":11,"31":11,"32":0,"33":11,"34":1},"f":{"0":77,"1":9,"2":28,"3":15,"4":45,"5":13},"b":{"0":[4,11],"1":[0,11],"2":[0,11]},"_coverageSchema":"1a1c01bbd47fc00a2c39e90264f33305004495a9","hash":"84fa0dfe0a857c3eeaee623bd2059baa4c2ca00e","contentHash":"f936b519bea0bf09ed11bdfdd0dddde05c212e410463c4b655012fa0d4594b6b"},"/home/david/Programming/projects/Back-End/caption/controllers/captions.js":{"path":"/home/david/Programming/projects/Back-End/caption/controllers/captions.js","statementMap":{"0":{"start":{"line":1,"column":48},"end":{"line":1,"column":71}},"1":{"start":{"line":2,"column":15},"end":{"line":2,"column":44}},"2":{"start":{"line":4,"column":2},"end":{"line":4,"column":36}},"3":{"start":{"line":6,"column":2},"end":{"line":6,"column":33}},"4":{"start":{"line":8,"column":21},"end":{"line":17,"column":1}},"5":{"start":{"line":19,"column":26},"end":{"line":22,"column":1}},"6":{"start":{"line":24,"column":0},"end":{"line":48,"column":1}},"7":{"start":{"line":25,"column":15},"end":{"line":25,"column":31}},"8":{"start":{"line":27,"column":2},"end":{"line":47,"column":3}},"9":{"start":{"line":28,"column":4},"end":{"line":28,"column":54}},"10":{"start":{"line":30,"column":4},"end":{"line":30,"column":46}},"11":{"start":{"line":32,"column":25},"end":{"line":32,"column":69}},"12":{"start":{"line":34,"column":21},"end":{"line":34,"column":63}},"13":{"start":{"line":36,"column":4},"end":{"line":40,"column":5}},"14":{"start":{"line":37,"column":6},"end":{"line":39,"column":7}},"15":{"start":{"line":42,"column":4},"end":{"line":42,"column":37}},"16":{"start":{"line":44,"column":4},"end":{"line":44,"column":10}},"17":{"start":{"line":46,"column":4},"end":{"line":46,"column":13}},"18":{"start":{"line":50,"column":0},"end":{"line":77,"column":1}},"19":{"start":{"line":51,"column":15},"end":{"line":51,"column":31}},"20":{"start":{"line":52,"column":22},"end":{"line":52,"column":40}},"21":{"start":{"line":54,"column":2},"end":{"line":76,"column":3}},"22":{"start":{"line":55,"column":4},"end":{"line":55,"column":39}},"23":{"start":{"line":57,"column":30},"end":{"line":57,"column":38}},"24":{"start":{"line":59,"column":19},"end":{"line":65,"column":5}},"25":{"start":{"line":67,"column":20},"end":{"line":67,"column":55}},"26":{"start":{"line":69,"column":4},"end":{"line":71,"column":5}},"27":{"start":{"line":70,"column":6},"end":{"line":70,"column":74}},"28":{"start":{"line":73,"column":4},"end":{"line":73,"column":70}},"29":{"start":{"line":75,"column":4},"end":{"line":75,"column":13}},"30":{"start":{"line":79,"column":0},"end":{"line":105,"column":1}},"31":{"start":{"line":80,"column":15},"end":{"line":80,"column":31}},"32":{"start":{"line":81,"column":22},"end":{"line":81,"column":40}},"33":{"start":{"line":83,"column":2},"end":{"line":104,"column":3}},"34":{"start":{"line":84,"column":4},"end":{"line":84,"column":39}},"35":{"start":{"line":86,"column":39},"end":{"line":91,"column":5}},"36":{"start":{"line":93,"column":21},"end":{"line":93,"column":63}},"37":{"start":{"line":95,"column":4},"end":{"line":99,"column":5}},"38":{"start":{"line":96,"column":6},"end":{"line":98,"column":7}},"39":{"start":{"line":101,"column":4},"end":{"line":101,"column":22}},"40":{"start":{"line":103,"column":4},"end":{"line":103,"column":13}},"41":{"start":{"line":107,"column":0},"end":{"line":115,"column":1}},"42":{"start":{"line":108,"column":18},"end":{"line":108,"column":29}},"43":{"start":{"line":110,"column":2},"end":{"line":114,"column":3}},"44":{"start":{"line":111,"column":4},"end":{"line":111,"column":21}},"45":{"start":{"line":113,"column":4},"end":{"line":113,"column":13}},"46":{"start":{"line":117,"column":0},"end":{"line":146,"column":1}},"47":{"start":{"line":118,"column":15},"end":{"line":118,"column":31}},"48":{"start":{"line":119,"column":18},"end":{"line":119,"column":29}},"49":{"start":{"line":120,"column":26},"end":{"line":120,"column":34}},"50":{"start":{"line":122,"column":2},"end":{"line":145,"column":3}},"51":{"start":{"line":123,"column":4},"end":{"line":127,"column":5}},"52":{"start":{"line":124,"column":6},"end":{"line":126,"column":7}},"53":{"start":{"line":129,"column":26},"end":{"line":129,"column":64}},"54":{"start":{"line":131,"column":20},"end":{"line":133,"column":6}},"55":{"start":{"line":135,"column":4},"end":{"line":139,"column":5}},"56":{"start":{"line":136,"column":6},"end":{"line":138,"column":7}},"57":{"start":{"line":140,"column":4},"end":{"line":142,"column":5}},"58":{"start":{"line":144,"column":4},"end":{"line":144,"column":13}},"59":{"start":{"line":148,"column":0},"end":{"line":186,"column":1}},"60":{"start":{"line":149,"column":15},"end":{"line":149,"column":31}},"61":{"start":{"line":150,"column":22},"end":{"line":150,"column":40}},"62":{"start":{"line":151,"column":23},"end":{"line":153,"column":66}},"63":{"start":{"line":154,"column":22},"end":{"line":156,"column":67}},"64":{"start":{"line":158,"column":2},"end":{"line":185,"column":3}},"65":{"start":{"line":159,"column":4},"end":{"line":163,"column":5}},"66":{"start":{"line":160,"column":6},"end":{"line":162,"column":7}},"67":{"start":{"line":165,"column":4},"end":{"line":165,"column":39}},"68":{"start":{"line":167,"column":39},"end":{"line":172,"column":5}},"69":{"start":{"line":174,"column":20},"end":{"line":174,"column":62}},"70":{"start":{"line":176,"column":4},"end":{"line":180,"column":5}},"71":{"start":{"line":177,"column":6},"end":{"line":179,"column":7}},"72":{"start":{"line":182,"column":4},"end":{"line":182,"column":36}},"73":{"start":{"line":184,"column":4},"end":{"line":184,"column":13}},"74":{"start":{"line":188,"column":0},"end":{"line":217,"column":1}},"75":{"start":{"line":189,"column":18},"end":{"line":189,"column":29}},"76":{"start":{"line":190,"column":15},"end":{"line":190,"column":31}},"77":{"start":{"line":191,"column":23},"end":{"line":191,"column":49}},"78":{"start":{"line":192,"column":22},"end":{"line":194,"column":79}},"79":{"start":{"line":196,"column":2},"end":{"line":216,"column":3}},"80":{"start":{"line":197,"column":4},"end":{"line":201,"column":5}},"81":{"start":{"line":198,"column":6},"end":{"line":200,"column":7}},"82":{"start":{"line":203,"column":20},"end":{"line":205,"column":6}},"83":{"start":{"line":207,"column":4},"end":{"line":211,"column":5}},"84":{"start":{"line":208,"column":6},"end":{"line":210,"column":7}},"85":{"start":{"line":213,"column":4},"end":{"line":213,"column":25}},"86":{"start":{"line":215,"column":4},"end":{"line":215,"column":13}}},"fnMap":{"0":{"name":"(anonymous_0)","decl":{"start":{"line":24,"column":25},"end":{"line":24,"column":26}},"loc":{"start":{"line":24,"column":62},"end":{"line":48,"column":1}},"line":24},"1":{"name":"(anonymous_1)","decl":{"start":{"line":50,"column":22},"end":{"line":50,"column":23}},"loc":{"start":{"line":50,"column":48},"end":{"line":77,"column":1}},"line":50},"2":{"name":"(anonymous_2)","decl":{"start":{"line":79,"column":22},"end":{"line":79,"column":23}},"loc":{"start":{"line":79,"column":48},"end":{"line":105,"column":1}},"line":79},"3":{"name":"(anonymous_3)","decl":{"start":{"line":107,"column":21},"end":{"line":107,"column":22}},"loc":{"start":{"line":107,"column":47},"end":{"line":115,"column":1}},"line":107},"4":{"name":"(anonymous_4)","decl":{"start":{"line":117,"column":21},"end":{"line":117,"column":22}},"loc":{"start":{"line":117,"column":47},"end":{"line":146,"column":1}},"line":117},"5":{"name":"(anonymous_5)","decl":{"start":{"line":148,"column":25},"end":{"line":148,"column":26}},"loc":{"start":{"line":148,"column":51},"end":{"line":186,"column":1}},"line":148},"6":{"name":"(anonymous_6)","decl":{"start":{"line":188,"column":24},"end":{"line":188,"column":25}},"loc":{"start":{"line":188,"column":50},"end":{"line":217,"column":1}},"line":188}},"branchMap":{"0":{"loc":{"start":{"line":36,"column":4},"end":{"line":40,"column":5}},"type":"if","locations":[{"start":{"line":36,"column":4},"end":{"line":40,"column":5}},{"start":{"line":36,"column":4},"end":{"line":40,"column":5}}],"line":36},"1":{"loc":{"start":{"line":69,"column":4},"end":{"line":71,"column":5}},"type":"if","locations":[{"start":{"line":69,"column":4},"end":{"line":71,"column":5}},{"start":{"line":69,"column":4},"end":{"line":71,"column":5}}],"line":69},"2":{"loc":{"start":{"line":95,"column":4},"end":{"line":99,"column":5}},"type":"if","locations":[{"start":{"line":95,"column":4},"end":{"line":99,"column":5}},{"start":{"line":95,"column":4},"end":{"line":99,"column":5}}],"line":95},"3":{"loc":{"start":{"line":123,"column":4},"end":{"line":127,"column":5}},"type":"if","locations":[{"start":{"line":123,"column":4},"end":{"line":127,"column":5}},{"start":{"line":123,"column":4},"end":{"line":127,"column":5}}],"line":123},"4":{"loc":{"start":{"line":135,"column":4},"end":{"line":139,"column":5}},"type":"if","locations":[{"start":{"line":135,"column":4},"end":{"line":139,"column":5}},{"start":{"line":135,"column":4},"end":{"line":139,"column":5}}],"line":135},"5":{"loc":{"start":{"line":151,"column":23},"end":{"line":153,"column":66}},"type":"cond-expr","locations":[{"start":{"line":152,"column":6},"end":{"line":152,"column":33}},{"start":{"line":153,"column":6},"end":{"line":153,"column":66}}],"line":151},"6":{"loc":{"start":{"line":153,"column":6},"end":{"line":153,"column":66}},"type":"binary-expr","locations":[{"start":{"line":153,"column":6},"end":{"line":153,"column":35}},{"start":{"line":153,"column":39},"end":{"line":153,"column":66}}],"line":153},"7":{"loc":{"start":{"line":154,"column":22},"end":{"line":156,"column":67}},"type":"cond-expr","locations":[{"start":{"line":155,"column":6},"end":{"line":155,"column":73}},{"start":{"line":156,"column":6},"end":{"line":156,"column":67}}],"line":154},"8":{"loc":{"start":{"line":159,"column":4},"end":{"line":163,"column":5}},"type":"if","locations":[{"start":{"line":159,"column":4},"end":{"line":163,"column":5}},{"start":{"line":159,"column":4},"end":{"line":163,"column":5}}],"line":159},"9":{"loc":{"start":{"line":159,"column":8},"end":{"line":159,"column":38}},"type":"binary-expr","locations":[{"start":{"line":159,"column":8},"end":{"line":159,"column":21}},{"start":{"line":159,"column":25},"end":{"line":159,"column":38}}],"line":159},"10":{"loc":{"start":{"line":176,"column":4},"end":{"line":180,"column":5}},"type":"if","locations":[{"start":{"line":176,"column":4},"end":{"line":180,"column":5}},{"start":{"line":176,"column":4},"end":{"line":180,"column":5}}],"line":176},"11":{"loc":{"start":{"line":192,"column":22},"end":{"line":194,"column":79}},"type":"cond-expr","locations":[{"start":{"line":193,"column":6},"end":{"line":193,"column":63}},{"start":{"line":194,"column":6},"end":{"line":194,"column":79}}],"line":192},"12":{"loc":{"start":{"line":197,"column":4},"end":{"line":201,"column":5}},"type":"if","locations":[{"start":{"line":197,"column":4},"end":{"line":201,"column":5}},{"start":{"line":197,"column":4},"end":{"line":201,"column":5}}],"line":197},"13":{"loc":{"start":{"line":197,"column":8},"end":{"line":197,"column":38}},"type":"binary-expr","locations":[{"start":{"line":197,"column":8},"end":{"line":197,"column":21}},{"start":{"line":197,"column":25},"end":{"line":197,"column":38}}],"line":197},"14":{"loc":{"start":{"line":207,"column":4},"end":{"line":211,"column":5}},"type":"if","locations":[{"start":{"line":207,"column":4},"end":{"line":211,"column":5}},{"start":{"line":207,"column":4},"end":{"line":211,"column":5}}],"line":207}},"s":{"0":1,"1":1,"2":1,"3":1,"4":1,"5":1,"6":1,"7":7,"8":7,"9":7,"10":7,"11":7,"12":7,"13":7,"14":1,"15":6,"16":6,"17":1,"18":1,"19":14,"20":14,"21":14,"22":14,"23":14,"24":14,"25":14,"26":14,"27":0,"28":14,"29":0,"30":1,"31":3,"32":3,"33":3,"34":3,"35":3,"36":3,"37":3,"38":0,"39":3,"40":0,"41":1,"42":1,"43":1,"44":1,"45":0,"46":1,"47":2,"48":2,"49":2,"50":2,"51":2,"52":1,"53":1,"54":1,"55":1,"56":0,"57":1,"58":1,"59":1,"60":7,"61":7,"62":7,"63":7,"64":7,"65":7,"66":1,"67":6,"68":6,"69":6,"70":6,"71":0,"72":6,"73":1,"74":1,"75":3,"76":3,"77":3,"78":3,"79":3,"80":3,"81":1,"82":2,"83":2,"84":0,"85":2,"86":1},"f":{"0":7,"1":14,"2":3,"3":1,"4":2,"5":7,"6":3},"b":{"0":[1,6],"1":[0,14],"2":[0,3],"3":[1,1],"4":[0,1],"5":[3,4],"6":[4,2],"7":[3,4],"8":[1,6],"9":[7,4],"10":[0,6],"11":[1,2],"12":[1,2],"13":[3,2],"14":[0,2]},"_coverageSchema":"1a1c01bbd47fc00a2c39e90264f33305004495a9","hash":"aeb931b1c2210f0c8ddf70ff246a2c0321db006c","contentHash":"c05cfa4369ec368c9c74e5d47c66071b363255d0e9bbc9b274a8ab75cb27f8d9"},"/home/david/Programming/projects/Back-End/caption/controllers/validators.js":{"path":"/home/david/Programming/projects/Back-End/caption/controllers/validators.js","statementMap":{"0":{"start":{"line":2,"column":24},"end":{"line":2,"column":52}},"1":{"start":{"line":3,"column":24},"end":{"line":3,"column":58}},"2":{"start":{"line":4,"column":25},"end":{"line":4,"column":56}},"3":{"start":{"line":5,"column":42},"end":{"line":5,"column":70}},"4":{"start":{"line":7,"column":33},"end":{"line":30,"column":1}},"5":{"start":{"line":12,"column":20},"end":{"line":12,"column":39}},"6":{"start":{"line":13,"column":24},"end":{"line":13,"column":51}},"7":{"start":{"line":14,"column":13},"end":{"line":14,"column":35}},"8":{"start":{"line":16,"column":2},"end":{"line":22,"column":3}},"9":{"start":{"line":17,"column":4},"end":{"line":19,"column":5}},"10":{"start":{"line":18,"column":6},"end":{"line":18,"column":64}},"11":{"start":{"line":21,"column":4},"end":{"line":21,"column":73}},"12":{"start":{"line":24,"column":2},"end":{"line":29,"column":4}},"13":{"start":{"line":25,"column":4},"end":{"line":27,"column":5}},"14":{"start":{"line":26,"column":6},"end":{"line":26,"column":68}},"15":{"start":{"line":28,"column":4},"end":{"line":28,"column":15}},"16":{"start":{"line":32,"column":26},"end":{"line":44,"column":1}},"17":{"start":{"line":37,"column":20},"end":{"line":37,"column":39}},"18":{"start":{"line":38,"column":15},"end":{"line":38,"column":70}},"19":{"start":{"line":39,"column":2},"end":{"line":43,"column":5}},"20":{"start":{"line":46,"column":0},"end":{"line":46,"column":45}},"21":{"start":{"line":48,"column":26},"end":{"line":65,"column":1}},"22":{"start":{"line":53,"column":20},"end":{"line":53,"column":39}},"23":{"start":{"line":54,"column":15},"end":{"line":54,"column":70}},"24":{"start":{"line":56,"column":2},"end":{"line":64,"column":66}},"25":{"start":{"line":67,"column":0},"end":{"line":67,"column":45}},"26":{"start":{"line":69,"column":23},"end":{"line":79,"column":1}},"27":{"start":{"line":70,"column":20},"end":{"line":70,"column":39}},"28":{"start":{"line":71,"column":26},"end":{"line":71,"column":53}},"29":{"start":{"line":72,"column":13},"end":{"line":72,"column":35}},"30":{"start":{"line":74,"column":2},"end":{"line":76,"column":3}},"31":{"start":{"line":75,"column":4},"end":{"line":75,"column":62}},"32":{"start":{"line":78,"column":2},"end":{"line":78,"column":28}},"33":{"start":{"line":81,"column":25},"end":{"line":85,"column":1}},"34":{"start":{"line":82,"column":30},"end":{"line":82,"column":75}},"35":{"start":{"line":84,"column":2},"end":{"line":84,"column":69}},"36":{"start":{"line":87,"column":0},"end":{"line":87,"column":43}},"37":{"start":{"line":89,"column":22},"end":{"line":96,"column":1}},"38":{"start":{"line":90,"column":30},"end":{"line":90,"column":75}},"39":{"start":{"line":92,"column":2},"end":{"line":95,"column":51}},"40":{"start":{"line":98,"column":0},"end":{"line":98,"column":37}},"41":{"start":{"line":100,"column":32},"end":{"line":111,"column":1}},"42":{"start":{"line":101,"column":2},"end":{"line":108,"column":3}},"43":{"start":{"line":105,"column":4},"end":{"line":107,"column":5}},"44":{"start":{"line":110,"column":2},"end":{"line":110,"column":13}},"45":{"start":{"line":113,"column":35},"end":{"line":159,"column":1}},"46":{"start":{"line":118,"column":2},"end":{"line":120,"column":3}},"47":{"start":{"line":119,"column":4},"end":{"line":119,"column":47}},"48":{"start":{"line":122,"column":31},"end":{"line":122,"column":33}},"49":{"start":{"line":124,"column":2},"end":{"line":131,"column":3}},"50":{"start":{"line":124,"column":15},"end":{"line":124,"column":16}},"51":{"start":{"line":125,"column":4},"end":{"line":128,"column":5}},"52":{"start":{"line":126,"column":6},"end":{"line":126,"column":74}},"53":{"start":{"line":127,"column":6},"end":{"line":127,"column":14}},"54":{"start":{"line":130,"column":4},"end":{"line":130,"column":70}},"55":{"start":{"line":133,"column":2},"end":{"line":158,"column":6}},"56":{"start":{"line":136,"column":30},"end":{"line":136,"column":47}},"57":{"start":{"line":138,"column":34},"end":{"line":140,"column":8}},"58":{"start":{"line":139,"column":8},"end":{"line":139,"column":42}},"59":{"start":{"line":142,"column":40},"end":{"line":142,"column":66}},"60":{"start":{"line":144,"column":6},"end":{"line":146,"column":7}},"61":{"start":{"line":145,"column":8},"end":{"line":145,"column":19}},"62":{"start":{"line":148,"column":6},"end":{"line":153,"column":7}},"63":{"start":{"line":149,"column":8},"end":{"line":152,"column":9}},"64":{"start":{"line":155,"column":6},"end":{"line":155,"column":78}},"65":{"start":{"line":155,"column":27},"end":{"line":155,"column":78}},"66":{"start":{"line":157,"column":6},"end":{"line":157,"column":17}},"67":{"start":{"line":161,"column":0},"end":{"line":171,"column":1}},"68":{"start":{"line":162,"column":26},"end":{"line":164,"column":7}},"69":{"start":{"line":166,"column":2},"end":{"line":168,"column":3}},"70":{"start":{"line":167,"column":4},"end":{"line":167,"column":66}},"71":{"start":{"line":170,"column":2},"end":{"line":170,"column":29}},"72":{"start":{"line":173,"column":0},"end":{"line":175,"column":1}},"73":{"start":{"line":174,"column":2},"end":{"line":174,"column":51}},"74":{"start":{"line":177,"column":0},"end":{"line":182,"column":1}},"75":{"start":{"line":178,"column":2},"end":{"line":181,"column":3}},"76":{"start":{"line":184,"column":0},"end":{"line":186,"column":1}},"77":{"start":{"line":185,"column":2},"end":{"line":185,"column":33}},"78":{"start":{"line":188,"column":0},"end":{"line":194,"column":1}},"79":{"start":{"line":189,"column":2},"end":{"line":193,"column":3}},"80":{"start":{"line":196,"column":0},"end":{"line":198,"column":1}},"81":{"start":{"line":197,"column":2},"end":{"line":197,"column":50}},"82":{"start":{"line":200,"column":0},"end":{"line":202,"column":1}},"83":{"start":{"line":201,"column":2},"end":{"line":201,"column":61}},"84":{"start":{"line":204,"column":0},"end":{"line":210,"column":1}},"85":{"start":{"line":205,"column":2},"end":{"line":209,"column":3}},"86":{"start":{"line":212,"column":0},"end":{"line":218,"column":1}},"87":{"start":{"line":213,"column":2},"end":{"line":217,"column":3}}},"fnMap":{"0":{"name":"(anonymous_0)","decl":{"start":{"line":7,"column":33},"end":{"line":7,"column":34}},"loc":{"start":{"line":11,"column":5},"end":{"line":30,"column":1}},"line":11},"1":{"name":"(anonymous_1)","decl":{"start":{"line":24,"column":21},"end":{"line":24,"column":22}},"loc":{"start":{"line":24,"column":32},"end":{"line":29,"column":3}},"line":24},"2":{"name":"(anonymous_2)","decl":{"start":{"line":32,"column":26},"end":{"line":32,"column":27}},"loc":{"start":{"line":36,"column":5},"end":{"line":44,"column":1}},"line":36},"3":{"name":"(anonymous_3)","decl":{"start":{"line":48,"column":26},"end":{"line":48,"column":27}},"loc":{"start":{"line":52,"column":5},"end":{"line":65,"column":1}},"line":52},"4":{"name":"(anonymous_4)","decl":{"start":{"line":69,"column":23},"end":{"line":69,"column":24}},"loc":{"start":{"line":69,"column":74},"end":{"line":79,"column":1}},"line":69},"5":{"name":"(anonymous_5)","decl":{"start":{"line":81,"column":25},"end":{"line":81,"column":26}},"loc":{"start":{"line":81,"column":76},"end":{"line":85,"column":1}},"line":81},"6":{"name":"(anonymous_6)","decl":{"start":{"line":89,"column":22},"end":{"line":89,"column":23}},"loc":{"start":{"line":89,"column":73},"end":{"line":96,"column":1}},"line":89},"7":{"name":"(anonymous_7)","decl":{"start":{"line":100,"column":32},"end":{"line":100,"column":33}},"loc":{"start":{"line":100,"column":57},"end":{"line":111,"column":1}},"line":100},"8":{"name":"(anonymous_8)","decl":{"start":{"line":113,"column":35},"end":{"line":113,"column":36}},"loc":{"start":{"line":117,"column":5},"end":{"line":159,"column":1}},"line":117},"9":{"name":"(anonymous_9)","decl":{"start":{"line":135,"column":12},"end":{"line":135,"column":13}},"loc":{"start":{"line":135,"column":22},"end":{"line":158,"column":5}},"line":135},"10":{"name":"(anonymous_10)","decl":{"start":{"line":138,"column":57},"end":{"line":138,"column":58}},"loc":{"start":{"line":138,"column":66},"end":{"line":140,"column":7}},"line":138},"11":{"name":"(anonymous_11)","decl":{"start":{"line":161,"column":28},"end":{"line":161,"column":29}},"loc":{"start":{"line":161,"column":54},"end":{"line":171,"column":1}},"line":161},"12":{"name":"(anonymous_12)","decl":{"start":{"line":173,"column":31},"end":{"line":173,"column":32}},"loc":{"start":{"line":173,"column":37},"end":{"line":175,"column":1}},"line":173},"13":{"name":"(anonymous_13)","decl":{"start":{"line":177,"column":34},"end":{"line":177,"column":35}},"loc":{"start":{"line":177,"column":40},"end":{"line":182,"column":1}},"line":177},"14":{"name":"(anonymous_14)","decl":{"start":{"line":184,"column":30},"end":{"line":184,"column":31}},"loc":{"start":{"line":184,"column":36},"end":{"line":186,"column":1}},"line":184},"15":{"name":"(anonymous_15)","decl":{"start":{"line":188,"column":29},"end":{"line":188,"column":30}},"loc":{"start":{"line":188,"column":35},"end":{"line":194,"column":1}},"line":188},"16":{"name":"(anonymous_16)","decl":{"start":{"line":196,"column":32},"end":{"line":196,"column":33}},"loc":{"start":{"line":196,"column":38},"end":{"line":198,"column":1}},"line":196},"17":{"name":"(anonymous_17)","decl":{"start":{"line":200,"column":32},"end":{"line":200,"column":33}},"loc":{"start":{"line":200,"column":38},"end":{"line":202,"column":1}},"line":200},"18":{"name":"(anonymous_18)","decl":{"start":{"line":204,"column":31},"end":{"line":204,"column":32}},"loc":{"start":{"line":204,"column":37},"end":{"line":210,"column":1}},"line":204},"19":{"name":"(anonymous_19)","decl":{"start":{"line":212,"column":34},"end":{"line":212,"column":35}},"loc":{"start":{"line":212,"column":40},"end":{"line":218,"column":1}},"line":212}},"branchMap":{"0":{"loc":{"start":{"line":9,"column":2},"end":{"line":9,"column":22}},"type":"default-arg","locations":[{"start":{"line":9,"column":17},"end":{"line":9,"column":22}}],"line":9},"1":{"loc":{"start":{"line":10,"column":2},"end":{"line":10,"column":18}},"type":"default-arg","locations":[{"start":{"line":10,"column":13},"end":{"line":10,"column":18}}],"line":10},"2":{"loc":{"start":{"line":13,"column":24},"end":{"line":13,"column":51}},"type":"cond-expr","locations":[{"start":{"line":13,"column":39},"end":{"line":13,"column":44}},{"start":{"line":13,"column":47},"end":{"line":13,"column":51}}],"line":13},"3":{"loc":{"start":{"line":16,"column":2},"end":{"line":22,"column":3}},"type":"if","locations":[{"start":{"line":16,"column":2},"end":{"line":22,"column":3}},{"start":{"line":16,"column":2},"end":{"line":22,"column":3}}],"line":16},"4":{"loc":{"start":{"line":17,"column":4},"end":{"line":19,"column":5}},"type":"if","locations":[{"start":{"line":17,"column":4},"end":{"line":19,"column":5}},{"start":{"line":17,"column":4},"end":{"line":19,"column":5}}],"line":17},"5":{"loc":{"start":{"line":25,"column":4},"end":{"line":27,"column":5}},"type":"if","locations":[{"start":{"line":25,"column":4},"end":{"line":27,"column":5}},{"start":{"line":25,"column":4},"end":{"line":27,"column":5}}],"line":25},"6":{"loc":{"start":{"line":33,"column":2},"end":{"line":33,"column":20}},"type":"default-arg","locations":[{"start":{"line":33,"column":10},"end":{"line":33,"column":20}}],"line":33},"7":{"loc":{"start":{"line":34,"column":2},"end":{"line":34,"column":22}},"type":"default-arg","locations":[{"start":{"line":34,"column":17},"end":{"line":34,"column":22}}],"line":34},"8":{"loc":{"start":{"line":35,"column":2},"end":{"line":35,"column":18}},"type":"default-arg","locations":[{"start":{"line":35,"column":13},"end":{"line":35,"column":18}}],"line":35},"9":{"loc":{"start":{"line":49,"column":2},"end":{"line":49,"column":20}},"type":"default-arg","locations":[{"start":{"line":49,"column":10},"end":{"line":49,"column":20}}],"line":49},"10":{"loc":{"start":{"line":50,"column":2},"end":{"line":50,"column":22}},"type":"default-arg","locations":[{"start":{"line":50,"column":17},"end":{"line":50,"column":22}}],"line":50},"11":{"loc":{"start":{"line":51,"column":2},"end":{"line":51,"column":18}},"type":"default-arg","locations":[{"start":{"line":51,"column":13},"end":{"line":51,"column":18}}],"line":51},"12":{"loc":{"start":{"line":69,"column":31},"end":{"line":69,"column":51}},"type":"default-arg","locations":[{"start":{"line":69,"column":46},"end":{"line":69,"column":51}}],"line":69},"13":{"loc":{"start":{"line":69,"column":53},"end":{"line":69,"column":69}},"type":"default-arg","locations":[{"start":{"line":69,"column":64},"end":{"line":69,"column":69}}],"line":69},"14":{"loc":{"start":{"line":71,"column":26},"end":{"line":71,"column":53}},"type":"cond-expr","locations":[{"start":{"line":71,"column":41},"end":{"line":71,"column":46}},{"start":{"line":71,"column":49},"end":{"line":71,"column":53}}],"line":71},"15":{"loc":{"start":{"line":74,"column":2},"end":{"line":76,"column":3}},"type":"if","locations":[{"start":{"line":74,"column":2},"end":{"line":76,"column":3}},{"start":{"line":74,"column":2},"end":{"line":76,"column":3}}],"line":74},"16":{"loc":{"start":{"line":81,"column":33},"end":{"line":81,"column":53}},"type":"default-arg","locations":[{"start":{"line":81,"column":48},"end":{"line":81,"column":53}}],"line":81},"17":{"loc":{"start":{"line":81,"column":55},"end":{"line":81,"column":71}},"type":"default-arg","locations":[{"start":{"line":81,"column":66},"end":{"line":81,"column":71}}],"line":81},"18":{"loc":{"start":{"line":89,"column":30},"end":{"line":89,"column":50}},"type":"default-arg","locations":[{"start":{"line":89,"column":45},"end":{"line":89,"column":50}}],"line":89},"19":{"loc":{"start":{"line":89,"column":52},"end":{"line":89,"column":68}},"type":"default-arg","locations":[{"start":{"line":89,"column":63},"end":{"line":89,"column":68}}],"line":89},"20":{"loc":{"start":{"line":101,"column":2},"end":{"line":108,"column":3}},"type":"if","locations":[{"start":{"line":101,"column":2},"end":{"line":108,"column":3}},{"start":{"line":101,"column":2},"end":{"line":108,"column":3}}],"line":101},"21":{"loc":{"start":{"line":102,"column":4},"end":{"line":103,"column":44}},"type":"binary-expr","locations":[{"start":{"line":102,"column":4},"end":{"line":102,"column":43}},{"start":{"line":103,"column":4},"end":{"line":103,"column":44}}],"line":102},"22":{"loc":{"start":{"line":115,"column":2},"end":{"line":115,"column":25}},"type":"default-arg","locations":[{"start":{"line":115,"column":20},"end":{"line":115,"column":25}}],"line":115},"23":{"loc":{"start":{"line":116,"column":2},"end":{"line":116,"column":26}},"type":"default-arg","locations":[{"start":{"line":116,"column":21},"end":{"line":116,"column":26}}],"line":116},"24":{"loc":{"start":{"line":118,"column":2},"end":{"line":120,"column":3}},"type":"if","locations":[{"start":{"line":118,"column":2},"end":{"line":120,"column":3}},{"start":{"line":118,"column":2},"end":{"line":120,"column":3}}],"line":118},"25":{"loc":{"start":{"line":125,"column":4},"end":{"line":128,"column":5}},"type":"if","locations":[{"start":{"line":125,"column":4},"end":{"line":128,"column":5}},{"start":{"line":125,"column":4},"end":{"line":128,"column":5}}],"line":125},"26":{"loc":{"start":{"line":144,"column":6},"end":{"line":146,"column":7}},"type":"if","locations":[{"start":{"line":144,"column":6},"end":{"line":146,"column":7}},{"start":{"line":144,"column":6},"end":{"line":146,"column":7}}],"line":144},"27":{"loc":{"start":{"line":148,"column":6},"end":{"line":153,"column":7}},"type":"if","locations":[{"start":{"line":148,"column":6},"end":{"line":153,"column":7}},{"start":{"line":148,"column":6},"end":{"line":153,"column":7}}],"line":148},"28":{"loc":{"start":{"line":155,"column":6},"end":{"line":155,"column":78}},"type":"if","locations":[{"start":{"line":155,"column":6},"end":{"line":155,"column":78}},{"start":{"line":155,"column":6},"end":{"line":155,"column":78}}],"line":155},"29":{"loc":{"start":{"line":166,"column":2},"end":{"line":168,"column":3}},"type":"if","locations":[{"start":{"line":166,"column":2},"end":{"line":168,"column":3}},{"start":{"line":166,"column":2},"end":{"line":168,"column":3}}],"line":166}},"s":{"0":1,"1":1,"2":1,"3":1,"4":1,"5":18,"6":18,"7":18,"8":18,"9":10,"10":2,"11":10,"12":18,"13":109,"14":2,"15":104,"16":1,"17":13,"18":13,"19":13,"20":1,"21":1,"22":5,"23":5,"24":5,"25":1,"26":1,"27":30,"28":30,"29":30,"30":30,"31":7,"32":30,"33":1,"34":25,"35":25,"36":1,"37":1,"38":5,"39":5,"40":1,"41":1,"42":2,"43":0,"44":2,"45":1,"46":3,"47":0,"48":3,"49":3,"50":3,"51":6,"52":3,"53":3,"54":3,"55":3,"56":14,"57":14,"58":15,"59":14,"60":14,"61":11,"62":3,"63":1,"64":2,"65":2,"66":0,"67":1,"68":113,"69":113,"70":12,"71":101,"72":1,"73":4,"74":1,"75":1,"76":1,"77":1,"78":1,"79":1,"80":1,"81":1,"82":1,"83":1,"84":1,"85":1,"86":1,"87":1},"f":{"0":18,"1":109,"2":13,"3":5,"4":30,"5":25,"6":5,"7":2,"8":3,"9":14,"10":15,"11":113,"12":4,"13":1,"14":1,"15":1,"16":1,"17":1,"18":1,"19":1},"b":{"0":[0],"1":[0],"2":[8,10],"3":[10,8],"4":[2,8],"5":[2,104],"6":[4],"7":[4],"8":[12],"9":[4],"10":[4],"11":[4],"12":[0],"13":[0],"14":[18,12],"15":[7,23],"16":[1],"17":[19],"18":[4],"19":[4],"20":[0,2],"21":[2,0],"22":[0],"23":[0],"24":[0,3],"25":[3,3],"26":[11,3],"27":[1,2],"28":[2,0],"29":[12,101]},"_coverageSchema":"1a1c01bbd47fc00a2c39e90264f33305004495a9","hash":"71466e42bf9695cfb3fe9f3183fe1e728104b786","contentHash":"81c73da06abbc80a5fc81b2a6cee40afc3b846d6be5f9ae697c94034ec68e57f"},"/home/david/Programming/projects/Back-End/caption/controllers/errorHandlers.js":{"path":"/home/david/Programming/projects/Back-End/caption/controllers/errorHandlers.js","statementMap":{"0":{"start":{"line":3,"column":19},"end":{"line":3,"column":43}},"1":{"start":{"line":4,"column":22},"end":{"line":4,"column":46}},"2":{"start":{"line":6,"column":17},"end":{"line":8,"column":1}},"3":{"start":{"line":7,"column":2},"end":{"line":7,"column":19}},"4":{"start":{"line":10,"column":27},"end":{"line":14,"column":1}},"5":{"start":{"line":13,"column":2},"end":{"line":13,"column":11}},"6":{"start":{"line":16,"column":20},"end":{"line":18,"column":1}},"7":{"start":{"line":17,"column":2},"end":{"line":17,"column":53}},"8":{"start":{"line":20,"column":27},"end":{"line":25,"column":1}},"9":{"start":{"line":21,"column":2},"end":{"line":23,"column":3}},"10":{"start":{"line":22,"column":4},"end":{"line":22,"column":28}},"11":{"start":{"line":24,"column":2},"end":{"line":24,"column":14}},"12":{"start":{"line":27,"column":0},"end":{"line":32,"column":1}}},"fnMap":{"0":{"name":"(anonymous_0)","decl":{"start":{"line":6,"column":17},"end":{"line":6,"column":18}},"loc":{"start":{"line":6,"column":26},"end":{"line":8,"column":1}},"line":6},"1":{"name":"(anonymous_1)","decl":{"start":{"line":10,"column":27},"end":{"line":10,"column":28}},"loc":{"start":{"line":10,"column":58},"end":{"line":14,"column":1}},"line":10},"2":{"name":"(anonymous_2)","decl":{"start":{"line":16,"column":20},"end":{"line":16,"column":21}},"loc":{"start":{"line":16,"column":45},"end":{"line":18,"column":1}},"line":16},"3":{"name":"(anonymous_3)","decl":{"start":{"line":20,"column":27},"end":{"line":20,"column":28}},"loc":{"start":{"line":20,"column":36},"end":{"line":25,"column":1}},"line":20}},"branchMap":{"0":{"loc":{"start":{"line":17,"column":13},"end":{"line":17,"column":34}},"type":"binary-expr","locations":[{"start":{"line":17,"column":13},"end":{"line":17,"column":27}},{"start":{"line":17,"column":31},"end":{"line":17,"column":34}}],"line":17},"1":{"loc":{"start":{"line":21,"column":2},"end":{"line":23,"column":3}},"type":"if","locations":[{"start":{"line":21,"column":2},"end":{"line":23,"column":3}},{"start":{"line":21,"column":2},"end":{"line":23,"column":3}}],"line":21}},"s":{"0":1,"1":1,"2":1,"3":0,"4":1,"5":32,"6":1,"7":32,"8":1,"9":0,"10":0,"11":0,"12":1},"f":{"0":0,"1":32,"2":32,"3":0},"b":{"0":[32,0],"1":[0,0]},"_coverageSchema":"1a1c01bbd47fc00a2c39e90264f33305004495a9","hash":"cccb27cf8c9cc474a8afa3dd0a4bef903c4cf9d3","contentHash":"03062e498ef11a2d6f4007f665511be6a32a8bc8dea5b1462db7a73a74b2854b"},"/home/david/Programming/projects/Back-End/caption/controllers/login.js":{"path":"/home/david/Programming/projects/Back-End/caption/controllers/login.js","statementMap":{"0":{"start":{"line":1,"column":30},"end":{"line":1,"column":53}},"1":{"start":{"line":2,"column":26},"end":{"line":2,"column":61}},"2":{"start":{"line":3,"column":25},"end":{"line":3,"column":62}},"3":{"start":{"line":5,"column":0},"end":{"line":7,"column":1}},"4":{"start":{"line":6,"column":2},"end":{"line":6,"column":24}},"5":{"start":{"line":9,"column":0},"end":{"line":28,"column":1}},"6":{"start":{"line":10,"column":2},"end":{"line":27,"column":3}},"7":{"start":{"line":11,"column":35},"end":{"line":11,"column":68}},"8":{"start":{"line":13,"column":17},"end":{"line":13,"column":55}},"9":{"start":{"line":15,"column":4},"end":{"line":15,"column":33}},"10":{"start":{"line":16,"column":4},"end":{"line":16,"column":24}},"11":{"start":{"line":17,"column":4},"end":{"line":17,"column":27}},"12":{"start":{"line":19,"column":22},"end":{"line":19,"column":51}},"13":{"start":{"line":21,"column":4},"end":{"line":24,"column":6}},"14":{"start":{"line":26,"column":4},"end":{"line":26,"column":13}}},"fnMap":{"0":{"name":"(anonymous_0)","decl":{"start":{"line":5,"column":19},"end":{"line":5,"column":20}},"loc":{"start":{"line":5,"column":39},"end":{"line":7,"column":1}},"line":5},"1":{"name":"(anonymous_1)","decl":{"start":{"line":9,"column":20},"end":{"line":9,"column":21}},"loc":{"start":{"line":9,"column":46},"end":{"line":28,"column":1}},"line":9}},"branchMap":{},"s":{"0":1,"1":1,"2":1,"3":1,"4":1,"5":1,"6":12,"7":12,"8":12,"9":10,"10":10,"11":10,"12":10,"13":10,"14":2},"f":{"0":1,"1":12},"b":{},"_coverageSchema":"1a1c01bbd47fc00a2c39e90264f33305004495a9","hash":"c8c330153c45a4cc922762ab38d0b9299e182f90","contentHash":"9e716a6809329d5b33dcb297c9625e510e7189e420995c94830d33ea2211d646"},"/home/david/Programming/projects/Back-End/caption/controllers/logout.js":{"path":"/home/david/Programming/projects/Back-End/caption/controllers/logout.js","statementMap":{"0":{"start":{"line":1,"column":26},"end":{"line":1,"column":61}},"1":{"start":{"line":3,"column":0},"end":{"line":5,"column":1}},"2":{"start":{"line":4,"column":2},"end":{"line":4,"column":12}},"3":{"start":{"line":7,"column":0},"end":{"line":18,"column":1}},"4":{"start":{"line":8,"column":15},"end":{"line":8,"column":31}},"5":{"start":{"line":9,"column":2},"end":{"line":17,"column":3}},"6":{"start":{"line":10,"column":4},"end":{"line":10,"column":34}},"7":{"start":{"line":12,"column":4},"end":{"line":12,"column":33}},"8":{"start":{"line":14,"column":4},"end":{"line":14,"column":51}},"9":{"start":{"line":16,"column":4},"end":{"line":16,"column":13}}},"fnMap":{"0":{"name":"(anonymous_0)","decl":{"start":{"line":3,"column":20},"end":{"line":3,"column":21}},"loc":{"start":{"line":3,"column":40},"end":{"line":5,"column":1}},"line":3},"1":{"name":"(anonymous_1)","decl":{"start":{"line":7,"column":21},"end":{"line":7,"column":22}},"loc":{"start":{"line":7,"column":47},"end":{"line":18,"column":1}},"line":7}},"branchMap":{},"s":{"0":1,"1":1,"2":1,"3":1,"4":5,"5":5,"6":5,"7":5,"8":5,"9":0},"f":{"0":1,"1":5},"b":{},"_coverageSchema":"1a1c01bbd47fc00a2c39e90264f33305004495a9","hash":"582a4a4b706c17f4f9902edbbdc9c591c87f773c","contentHash":"8bd864496171912da105feff8448dc860e9642801f2e746bf8505bc506a5f564"},"/home/david/Programming/projects/Back-End/caption/controllers/photos.js":{"path":"/home/david/Programming/projects/Back-End/caption/controllers/photos.js","statementMap":{"0":{"start":{"line":1,"column":0},"end":{"line":1,"column":26}},"1":{"start":{"line":2,"column":14},"end":{"line":2,"column":30}},"2":{"start":{"line":3,"column":15},"end":{"line":3,"column":33}},"3":{"start":{"line":4,"column":58},"end":{"line":4,"column":80}},"4":{"start":{"line":5,"column":15},"end":{"line":5,"column":44}},"5":{"start":{"line":7,"column":2},"end":{"line":7,"column":36}},"6":{"start":{"line":9,"column":2},"end":{"line":9,"column":33}},"7":{"start":{"line":10,"column":48},"end":{"line":10,"column":71}},"8":{"start":{"line":12,"column":21},"end":{"line":32,"column":1}},"9":{"start":{"line":34,"column":24},"end":{"line":56,"column":1}},"10":{"start":{"line":58,"column":0},"end":{"line":82,"column":1}},"11":{"start":{"line":59,"column":15},"end":{"line":59,"column":31}},"12":{"start":{"line":61,"column":2},"end":{"line":81,"column":3}},"13":{"start":{"line":62,"column":4},"end":{"line":62,"column":52}},"14":{"start":{"line":64,"column":4},"end":{"line":64,"column":46}},"15":{"start":{"line":66,"column":25},"end":{"line":66,"column":67}},"16":{"start":{"line":68,"column":21},"end":{"line":68,"column":61}},"17":{"start":{"line":70,"column":4},"end":{"line":74,"column":5}},"18":{"start":{"line":71,"column":6},"end":{"line":73,"column":7}},"19":{"start":{"line":76,"column":4},"end":{"line":76,"column":52}},"20":{"start":{"line":78,"column":4},"end":{"line":78,"column":10}},"21":{"start":{"line":80,"column":4},"end":{"line":80,"column":13}},"22":{"start":{"line":84,"column":0},"end":{"line":144,"column":1}},"23":{"start":{"line":85,"column":15},"end":{"line":85,"column":31}},"24":{"start":{"line":86,"column":15},"end":{"line":86,"column":23}},"25":{"start":{"line":87,"column":22},"end":{"line":87,"column":40}},"26":{"start":{"line":88,"column":45},"end":{"line":88,"column":49}},"27":{"start":{"line":89,"column":19},"end":{"line":89,"column":37}},"28":{"start":{"line":91,"column":23},"end":{"line":91,"column":52}},"29":{"start":{"line":92,"column":27},"end":{"line":92,"column":80}},"30":{"start":{"line":94,"column":2},"end":{"line":143,"column":3}},"31":{"start":{"line":95,"column":4},"end":{"line":95,"column":39}},"32":{"start":{"line":97,"column":18},"end":{"line":97,"column":32}},"33":{"start":{"line":98,"column":26},"end":{"line":100,"column":5}},"34":{"start":{"line":102,"column":4},"end":{"line":109,"column":5}},"35":{"start":{"line":106,"column":6},"end":{"line":108,"column":7}},"36":{"start":{"line":111,"column":23},"end":{"line":111,"column":31}},"37":{"start":{"line":113,"column":4},"end":{"line":115,"column":5}},"38":{"start":{"line":114,"column":6},"end":{"line":114,"column":41}},"39":{"start":{"line":117,"column":4},"end":{"line":123,"column":8}},"40":{"start":{"line":122,"column":8},"end":{"line":122,"column":43}},"41":{"start":{"line":125,"column":20},"end":{"line":131,"column":6}},"42":{"start":{"line":133,"column":4},"end":{"line":135,"column":5}},"43":{"start":{"line":134,"column":6},"end":{"line":134,"column":74}},"44":{"start":{"line":137,"column":4},"end":{"line":140,"column":6}},"45":{"start":{"line":142,"column":4},"end":{"line":142,"column":13}},"46":{"start":{"line":146,"column":0},"end":{"line":172,"column":1}},"47":{"start":{"line":147,"column":15},"end":{"line":147,"column":31}},"48":{"start":{"line":148,"column":22},"end":{"line":148,"column":40}},"49":{"start":{"line":150,"column":2},"end":{"line":171,"column":3}},"50":{"start":{"line":151,"column":4},"end":{"line":151,"column":39}},"51":{"start":{"line":153,"column":39},"end":{"line":158,"column":5}},"52":{"start":{"line":160,"column":21},"end":{"line":160,"column":61}},"53":{"start":{"line":162,"column":4},"end":{"line":164,"column":5}},"54":{"start":{"line":163,"column":6},"end":{"line":163,"column":80}},"55":{"start":{"line":166,"column":19},"end":{"line":166,"column":55}},"56":{"start":{"line":168,"column":4},"end":{"line":168,"column":44}},"57":{"start":{"line":170,"column":4},"end":{"line":170,"column":13}},"58":{"start":{"line":174,"column":0},"end":{"line":182,"column":1}},"59":{"start":{"line":175,"column":16},"end":{"line":175,"column":25}},"60":{"start":{"line":177,"column":2},"end":{"line":181,"column":3}},"61":{"start":{"line":178,"column":4},"end":{"line":178,"column":39}},"62":{"start":{"line":180,"column":4},"end":{"line":180,"column":13}},"63":{"start":{"line":184,"column":0},"end":{"line":213,"column":1}},"64":{"start":{"line":185,"colu
[...]
column":24},"end":{"line":243,"column":28}},"46":{"start":{"line":245,"column":23},"end":{"line":245,"column":70}},"47":{"start":{"line":247,"column":6},"end":{"line":247,"column":52}},"48":{"start":{"line":248,"column":6},"end":{"line":248,"column":49}},"49":{"start":{"line":251,"column":4},"end":{"line":274,"column":6}},"50":{"start":{"line":252,"column":23},"end":{"line":267,"column":8}},"51":{"start":{"line":268,"column":24},"end":{"line":268,"column":25}},"52":{"start":{"line":270,"column":23},"end":{"line":270,"column":70}},"53":{"start":{"line":272,"column":6},"end":{"line":272,"column":45}},"54":{"start":{"line":273,"column":6},"end":{"line":273,"column":49}},"55":{"start":{"line":277,"column":2},"end":{"line":302,"column":4}},"56":{"start":{"line":278,"column":4},"end":{"line":301,"column":6}},"57":{"start":{"line":279,"column":23},"end":{"line":279,"column":51}},"58":{"start":{"line":280,"column":26},"end":{"line":280,"column":27}},"59":{"start":{"line":281,"column":22},"end":{"line":281,"column":23}},"60":{"start":{"line":282,"column":19},"end":{"line":282,"column":44}},"61":{"start":{"line":283,"column":26},"end":{"line":286,"column":7}},"62":{"start":{"line":288,"column":23},"end":{"line":291,"column":26}},"63":{"start":{"line":293,"column":6},"end":{"line":293,"column":50}},"64":{"start":{"line":294,"column":6},"end":{"line":294,"column":45}},"65":{"start":{"line":296,"column":22},"end":{"line":298,"column":8}},"66":{"start":{"line":300,"column":6},"end":{"line":300,"column":46}},"67":{"start":{"line":304,"column":2},"end":{"line":516,"column":4}},"68":{"start":{"line":305,"column":4},"end":{"line":316,"column":6}},"69":{"start":{"line":306,"column":23},"end":{"line":306,"column":35}},"70":{"start":{"line":307,"column":26},"end":{"line":307,"column":39}},"71":{"start":{"line":309,"column":23},"end":{"line":312,"column":26}},"72":{"start":{"line":314,"column":6},"end":{"line":314,"column":52}},"73":{"start":{"line":315,"column":6},"end":{"line":315,"column":49}},"74":{"start":{"line":318,"column":4},"end":{"line":347,"column":6}},"75":{"start":{"line":319,"column":23},"end":{"line":319,"column":73}},"76":{"start":{"line":320,"column":26},"end":{"line":320,"column":28}},"77":{"start":{"line":321,"column":27},"end":{"line":324,"column":7}},"78":{"start":{"line":325,"column":27},"end":{"line":328,"column":7}},"79":{"start":{"line":329,"column":6},"end":{"line":333,"column":24}},"80":{"start":{"line":334,"column":6},"end":{"line":338,"column":24}},"81":{"start":{"line":340,"column":23},"end":{"line":343,"column":26}},"82":{"start":{"line":345,"column":6},"end":{"line":345,"column":45}},"83":{"start":{"line":346,"column":6},"end":{"line":346,"column":45}},"84":{"start":{"line":349,"column":4},"end":{"line":380,"column":6}},"85":{"start":{"line":350,"column":23},"end":{"line":350,"column":73}},"86":{"start":{"line":351,"column":26},"end":{"line":353,"column":7}},"87":{"start":{"line":354,"column":27},"end":{"line":357,"column":7}},"88":{"start":{"line":358,"column":27},"end":{"line":361,"column":7}},"89":{"start":{"line":362,"column":6},"end":{"line":366,"column":24}},"90":{"start":{"line":367,"column":6},"end":{"line":371,"column":24}},"91":{"start":{"line":373,"column":23},"end":{"line":376,"column":26}},"92":{"start":{"line":378,"column":6},"end":{"line":378,"column":45}},"93":{"start":{"line":379,"column":6},"end":{"line":379,"column":45}},"94":{"start":{"line":382,"column":4},"end":{"line":405,"column":6}},"95":{"start":{"line":383,"column":23},"end":{"line":383,"column":73}},"96":{"start":{"line":384,"column":22},"end":{"line":384,"column":23}},"97":{"start":{"line":385,"column":26},"end":{"line":387,"column":7}},"98":{"start":{"line":388,"column":27},"end":{"line":391,"column":7}},"99":{"start":{"line":392,"column":6},"end":{"line":396,"column":24}},"100":{"start":{"line":398,"column":23},"end":{"line":401,"column":26}},"101":{"start":{"line":403,"column":6},"end":{"line":403,"column":45}},"102":{"start":{"line":404,"column":6},"end":{"line":404,"column":45}},"103":{"start":{"line":407,"column":4},"end":{"line":439,"column":6}},"104":{"start":{"line":408,"column":23},"end":{"line":408,"column":67}},"105":{"start":{"line":409,"column":22},"end":{"line":409,"column":23}},"106":{"start":{"line":410,"column":26},"end":{"line":412,"column":7}},"107":{"start":{"line":413,"column":27},"end":{"line":416,"column":7}},"108":{"start":{"line":417,"column":27},"end":{"line":420,"column":7}},"109":{"start":{"line":421,"column":6},"end":{"line":425,"column":24}},"110":{"start":{"line":426,"column":6},"end":{"line":430,"column":24}},"111":{"start":{"line":432,"column":23},"end":{"line":435,"column":26}},"112":{"start":{"line":437,"column":6},"end":{"line":437,"column":45}},"113":{"start":{"line":438,"column":6},"end":{"line":438,"column":45}},"114":{"start":{"line":441,"column":4},"end":{"line":489,"column":6}},"115":{"start":{"line":442,"column":23},"end":{"line":442,"column":67}},"116":{"start":{"line":443,"column":20},"end":{"line":443,"column":27}},"117":{"start":{"line":444,"column":23},"end":{"line":444,"column":60}},"118":{"start":{"line":445,"column":6},"end":{"line":450,"column":24}},"119":{"start":{"line":451,"column":23},"end":{"line":453,"column":8}},"120":{"start":{"line":454,"column":22},"end":{"line":454,"column":44}},"121":{"start":{"line":455,"column":26},"end":{"line":457,"column":7}},"122":{"start":{"line":458,"column":27},"end":{"line":461,"column":7}},"123":{"start":{"line":462,"column":27},"end":{"line":465,"column":7}},"124":{"start":{"line":466,"column":6},"end":{"line":470,"column":24}},"125":{"start":{"line":471,"column":6},"end":{"line":475,"column":24}},"126":{"start":{"line":477,"column":23},"end":{"line":480,"column":26}},"127":{"start":{"line":482,"column":6},"end":{"line":482,"column":45}},"128":{"start":{"line":483,"column":6},"end":{"line":483,"column":45}},"129":{"start":{"line":485,"column":6},"end":{"line":488,"column":19}},"130":{"start":{"line":491,"column":4},"end":{"line":515,"column":6}},"131":{"start":{"line":492,"column":23},"end":{"line":492,"column":67}},"132":{"start":{"line":493,"column":22},"end":{"line":493,"column":23}},"133":{"start":{"line":494,"column":26},"end":{"line":497,"column":7}},"134":{"start":{"line":498,"column":27},"end":{"line":501,"column":7}},"135":{"start":{"line":502,"column":6},"end":{"line":506,"column":24}},"136":{"start":{"line":508,"column":23},"end":{"line":511,"column":26}},"137":{"start":{"line":513,"column":6},"end":{"line":513,"column":45}},"138":{"start":{"line":514,"column":6},"end":{"line":514,"column":45}},"139":{"start":{"line":518,"column":2},"end":{"line":582,"column":4}},"140":{"start":{"line":519,"column":4},"end":{"line":529,"column":6}},"141":{"start":{"line":520,"column":23},"end":{"line":520,"column":35}},"142":{"start":{"line":521,"column":24},"end":{"line":521,"column":25}},"143":{"start":{"line":523,"column":23},"end":{"line":525,"column":39}},"144":{"start":{"line":527,"column":6},"end":{"line":527,"column":52}},"145":{"start":{"line":528,"column":6},"end":{"line":528,"column":49}},"146":{"start":{"line":531,"column":4},"end":{"line":555,"column":6}},"147":{"start":{"line":532,"column":23},"end":{"line":532,"column":63}},"148":{"start":{"line":533,"column":22},"end":{"line":533,"column":23}},"149":{"start":{"line":534,"column":19},"end":{"line":534,"column":44}},"150":{"start":{"line":535,"column":26},"end":{"line":538,"column":7}},"151":{"start":{"line":539,"column":6},"end":{"line":543,"column":24}},"152":{"start":{"line":544,"column":23},"end":{"line":546,"column":8}},"153":{"start":{"line":547,"column":24},"end":{"line":547,"column":46}},"154":{"start":{"line":549,"column":23},"end":{"line":551,"column":39}},"155":{"start":{"line":553,"column":6},"end":{"line":553,"column":45}},"156":{"start":{"line":554,"column":6},"end":{"line":554,"column":45}},"157":{"start":{"line":557,"column":4},"end":{"line":581,"column":6}},"158":{"start":{"line":558,"column":23},"end":{"line":558,"column":51}},"159":{"start":{"line":559,"column":22},"end":{"line":559,"column":23}},"160":{"start":{"line":560,"column":19},"end":{"line":560,"column":28}},"161":{"start":{"line":561,"column":26},"end":{"line":564,"column":7}},"162":{"start":{"line":565,"column":6},"end":{"line":569,"column":24}},"163":{"start":{"line":570,"column":23},"end":{"line":572,"column":8}},"164":{"start":{"line":573,"column":24},"end":{"line":573,"column":46}},"165":{"start":{"line":575,"column":23},"end":{"line":577,"column":44}},"166":{"start":{"line":579,"column":6},"end":{"line":579,"column":45}},"167":{"start":{"line":580,"column":6},"end":{"line":580,"column":45}},"168":{"start":{"line":584,"column":2},"end":{"line":630,"column":4}},"169":{"start":{"line":585,"column":4},"end":{"line":599,"column":6}},"170":{"start":{"line":586,"column":23},"end":{"line":586,"column":35}},"171":{"start":{"line":587,"column":24},"end":{"line":587,"column":25}},"172":{"start":{"line":588,"column":26},"end":{"line":590,"column":7}},"173":{"start":{"line":592,"column":23},"end":{"line":595,"column":26}},"174":{"start":{"line":597,"column":6},"end":{"line":597,"column":52}},"175":{"start":{"line":598,"column":6},"end":{"line":598,"column":49}},"176":{"start":{"line":601,"column":4},"end":{"line":629,"column":6}},"177":{"start":{"line":602,"column":23},"end":{"line":602,"column":65}},"178":{"start":{"line":603,"column":22},"end":{"line":603,"column":23}},"179":{"start":{"line":604,"column":19},"end":{"line":604,"column":28}},"180":{"start":{"line":605,"column":27},"end":{"line":608,"column":7}},"181":{"start":{"line":609,"column":6},"end":{"line":613,"column":24}},"182":{"start":{"line":614,"column":23},"end":{"line":616,"column":8}},"183":{"start":{"line":617,"column":24},"end":{"line":617,"column":46}},"184":{"start":{"line":618,"column":26},"end":{"line":620,"column":7}},"185":{"start":{"line":622,"column":23},"end":{"line":625,"column":26}},"186":{"start":{"line":627,"column":6},"end":{"line":627,"column":45}},"187":{"start":{"line":628,"column":6},"end":{"line":628,"column":45}}},"fnMap":{"0":{"name":"(anonymous_0)","decl":{"start":{"line":12,"column":27},"end":{"line":12,"column":28}},"loc":{"start":{"line":12,"column":33},"end":{"line":631,"column":1}},"line":12},"1":{"name":"(anonymous_1)","decl":{"start":{"line":29,"column":9},"end":{"line":29,"column":10}},"loc":{"start":{"line":29,"column":27},"end":{"line":55,"column":3}},"line":29},"2":{"name":"(anonymous_2)","decl":{"start":{"line":57,"column":8},"end":{"line":57,"column":9}},"loc":{"start":{"line":57,"column":26},"end":{"line":68,"column":3}},"line":57},"3":{"name":"(anonymous_3)","decl":{"start":{"line":70,"column":20},"end":{"line":70,"column":21}},"loc":{"start":{"line":70,"column":26},"end":{"line":238,"column":3}},"line":70},"4":{"name":"(anonymous_4)","decl":{"start":{"line":71,"column":159},"end":{"line":71,"column":160}},"loc":{"start":{"line":71,"column":177},"end":{"line":146,"column":5}},"line":71},"5":{"name":"(anonymous_5)","decl":{"start":{"line":148,"column":164},"end":{"line":148,"column":165}},"loc":{"start":{"line":148,"column":182},"end":{"line":191,"column":5}},"line":148},"6":{"name":"(anonymous_6)","decl":{"start":{"line":193,"column":143},"end":{"line":193,"column":144}},"loc":{"start":{"line":193,"column":161},"end":{"line":237,"column":5}},"line":193},"7":{"name":"(anonymous_7)","decl":{"start":{"line":240,"column":30},"end":{"line":240,"column":31}},"loc":{"start":{"line":240,"column":36},"end":{"line":275,"column":3}},"line":240},"8":{"name":"(anonymous_8)","decl":{"start":{"line":241,"column":80},"end":{"line":241,"column":81}},"loc":{"start":{"line":241,"column":98},"end":{"line":249,"column":5}},"line":241},"9":{"name":"(anonymous_9)","decl":{"start":{"line":251,"column":76},"end":{"line":251,"column":77}},"loc":{"start":{"line":251,"column":94},"end":{"line":274,"column":5}},"line":251},"10":{"name":"(anonymous_10)","decl":{"start":{"line":277,"column":21},"end":{"line":277,"column":22}},"loc":{"start":{"line":277,"column":27},"end":{"line":302,"column":3}},"line":277},"11":{"name":"(anonymous_11)","decl":{"start":{"line":278,"column":192},"end":{"line":278,"column":193}},"loc":{"start":{"line":278,"column":210},"end":{"line":301,"column":5}},"line":278},"12":{"name":"(anonymous_12)","decl":{"start":{"line":304,"column":23},"end":{"line":304,"column":24}},"loc":{"start":{"line":304,"column":29},"end":{"line":516,"column":3}},"line":304},"13":{"name":"(anonymous_13)","decl":{"start":{"line":305,"column":85},"end":{"line":305,"column":86}},"loc":{"start":{"line":305,"column":103},"end":{"line":316,"column":5}},"line":305},"14":{"name":"(anonymous_14)","decl":{"start":{"line":318,"column":118},"end":{"line":318,"column":119}},"loc":{"start":{"line":318,"column":136},"end":{"line":347,"column":5}},"line":318},"15":{"name":"(anonymous_15)","decl":{"start":{"line":349,"column":123},"end":{"line":349,"column":124}},"loc":{"start":{"line":349,"column":141},"end":{"line":380,"column":5}},"line":349},"16":{"name":"(anonymous_16)","decl":{"start":{"line":382,"column":138},"end":{"line":382,"column":139}},"loc":{"start":{"line":382,"column":156},"end":{"line":405,"column":5}},"line":382},"17":{"name":"(anonymous_17)","decl":{"start":{"line":407,"column":142},"end":{"line":407,"column":143}},"loc":{"start":{"line":407,"column":160},"end":{"line":439,"column":5}},"line":407},"18":{"name":"(anonymous_18)","decl":{"start":{"line":441,"column":126},"end":{"line":441,"column":127}},"loc":{"start":{"line":441,"column":144},"end":{"line":489,"column":5}},"line":441},"19":{"name":"(anonymous_19)","decl":{"start":{"line":491,"column":179},"end":{"line":491,"column":180}},"loc":{"start":{"line":491,"column":197},"end":{"line":515,"column":5}},"line":491},"20":{"name":"(anonymous_20)","decl":{"start":{"line":518,"column":33},"end":{"line":518,"column":34}},"loc":{"start":{"line":518,"column":39},"end":{"line":582,"column":3}},"line":518},"21":{"name":"(anonymous_21)","decl":{"start":{"line":519,"column":85},"end":{"line":519,"column":86}},"loc":{"start":{"line":519,"column":103},"end":{"line":529,"column":5}},"line":519},"22":{"name":"(anonymous_22)","decl":{"start":{"line":531,"column":114},"end":{"line":531,"column":115}},"loc":{"start":{"line":531,"column":132},"end":{"line":555,"column":5}},"line":531},"23":{"name":"(anonymous_23)","decl":{"start":{"line":557,"column":113},"end":{"line":557,"column":114}},"loc":{"start":{"line":557,"column":131},"end":{"line":581,"column":5}},"line":557},"24":{"name":"(anonymous_24)","decl":{"start":{"line":584,"column":30},"end":{"line":584,"column":31}},"loc":{"start":{"line":584,"column":36},"end":{"line":630,"column":3}},"line":584},"25":{"name":"(anonymous_25)","decl":{"start":{"line":585,"column":87},"end":{"line":585,"column":88}},"loc":{"start":{"line":585,"column":105},"end":{"line":599,"column":5}},"line":585},"26":{"name":"(anonymous_26)","decl":{"start":{"line":601,"column":139},"end":{"line":601,"column":140}},"loc":{"start":{"line":601,"column":157},"end":{"line":629,"column":5}},"line":601}},"branchMap":{},"s":{"0":1,"1":1,"2":1,"3":1,"4":1,"5":1,"6":1,"7":1,"8":1,"9":1,"10":1,"11":1,"12":1,"13":1,"14":1,"15":1,"16":1,"17":1,"18":1,"19":1,"20":1,"21":1,"22":1,"23":1,"24":1,"25":1,"26":1,"27":1,"28":1,"29":1,"30":1,"31":1,"32":1,"33":1,"34":1,"35":1,"36":1,"37":1,"38":1,"39":1,"40":1,"41":1,"42":1,"43":1,"44":1,"45":1,"46":1,"47":1,"48":1,"49":1,"50":1,"51":1,"52":1,"53":1,"54":1,"55":1,"56":1,"57":1,"58":1,"59":1,"60":1,"61":1,"62":1,"63":1,"64":1,"65":1,"66":1,"67":1,"68":1,"69":1,"70":1,"71":1,"72":1,"73":1,"74":1,"75":1,"76":1,"77":1,"78":1,"79":1,"80":1,"81":1,"82":1,"83":1,"84":1,"85":1,"86":1,"87":1,"88":1,"89":1,"90":1,"91":1,"92":1,"93":1,"94":1,"95":1,"96":1,"97":1,"98":1,"99":1,"100":1,"101":1,"102":1,"103":1,"104":1,"105":1,"106":1,"107":1,"108":1,"109":1,"110":1,"111":1,"112":1,"113":1,"114":1,"115":1,"116":1,"117":1,"118":1,"119":1,"120":1,"121":1,"122":1,"123":1,"124":1,"125":1,"126":1,"127":1,"128":1,"129":1,"130":1,"131":1,"132":1,"133":1,"134":1,"135":1,"136":1,"137":1,"138":1,"139":1,"140":1,"141":1,"142":1,"143":1,"144":1,"145":1,"146":1,"147":1,"148":1,"149":1,"150":1,"151":1,"152":1,"153":1,"154":1,"155":1,"156":1,"157":1,"158":1,"159":1,"160":1,"161":1,"162":1,"163":1,"164":1,"165":1,"166":1,"167":1,"168":1,"169":1,"170":1,"171":1,"172":1,"173":1,"174":1,"175":1,"176":1,"177":1,"178":1,"179":1,"180":1,"181":1,"182":1,"183":1,"184":1,"185":1,"186":1,"187":1},"f":{"0":1,"1":1,"2":1,"3":1,"4":1,"5":1,"6":1,"7":1,"8":1,"9":1,"10":1,"11":1,"12":1,"13":1,"14":1,"15":1,"16":1,"17":1,"18":1,"19":1,"20":1,"21":1,"22":1,"23":1,"24":1,"25":1,"26":1},"b":{},"_coverageSchema":"1a1c01bbd47fc00a2c39e90264f33305004495a9","hash":"b446a179a181f9b4483ed85f4142d95fb1239f28","contentHash":"f34bbd8cc29e4cdca45f3c7b3b063eb10908f44661a698755730aa801ef873f8"},"/home/david/Programming/projects/Back-End/caption/test/ending.js":{"path":"/home/david/Programming/projects/Back-End/caption/test/ending.js","statementMap":{"0":{"start":{"line":1,"column":41},"end":{"line":1,"column":60}},"1":{"start":{"line":3,"column":0},"end":{"line":35,"column":2}},"2":{"start":{"line":4,"column":2},"end":{"line":6,"column":4}},"3":{"start":{"line":5,"column":4},"end":{"line":5,"column":18}},"4":{"start":{"line":8,"column":2},"end":{"line":34,"column":4}},"5":{"start":{"line":9,"column":4},"end":{"line":23,"column":6}},"6":{"start":{"line":10,"column":23},"end":{"line":10,"column":27}},"7":{"start":{"line":11,"column":29},"end":{"line":15,"column":7}},"8":{"start":{"line":17,"column":24},"end":{"line":17,"column":51}},"9":{"start":{"line":18,"column":30},"end":{"line":20,"column":8}},"10":{"start":{"line":19,"column":8},"end":{"line":19,"column":48}},"11":{"start":{"line":22,"column":6},"end":{"line":22,"column":51}},"12":{"start":{"line":25,"column":4},"end":{"line":33,"column":6}},"13":{"start":{"line":26,"column":23},"end":{"line":26,"column":24}},"14":{"start":{"line":28,"column":6},"end":{"line":28,"column":34}},"15":{"start":{"line":29,"column":24},"end":{"line":29,"column":51}},"16":{"start":{"line":30,"column":33},"end":{"line":30,"column":68}},"17":{"start":{"line":32,"column":6},"end":{"line":32,"column":54}}},"fnMap":{"0":{"name":"(anonymous_0)","decl":{"start":{"line":3,"column":25},"end":{"line":3,"column":26}},"loc":{"start":{"line":3,"column":31},"end":{"line":35,"column":1}},"line":3},"1":{"name":"(anonymous_1)","decl":{"start":{"line":4,"column":8},"end":{"line":4,"column":9}},"loc":{"start":{"line":4,"column":26},"end":{"line":6,"column":3}},"line":4},"2":{"name":"(anonymous_2)","decl":{"start":{"line":8,"column":40},"end":{"line":8,"column":41}},"loc":{"start":{"line":8,"column":52},"end":{"line":34,"column":3}},"line":8},"3":{"name":"(anonymous_3)","decl":{"start":{"line":9,"column":86},"end":{"line":9,"column":87}},"loc":{"start":{"line":9,"column":104},"end":{"line":23,"column":5}},"line":9},"4":{"name":"(anonymous_4)","decl":{"start":{"line":18,"column":46},"end":{"line":18,"column":47}},"loc":{"start":{"line":18,"column":60},"end":{"line":20,"column":7}},"line":18},"5":{"name":"(anonymous_5)","decl":{"start":{"line":25,"column":65},"end":{"line":25,"column":66}},"loc":{"start":{"line":25,"column":83},"end":{"line":33,"column":5}},"line":25}},"branchMap":{"0":{"loc":{"start":{"line":30,"column":33},"end":{"line":30,"column":68}},"type":"cond-expr","locations":[{"start":{"line":30,"column":45},"end":{"line":30,"column":61}},{"start":{"line":30,"column":64},"end":{"line":30,"column":68}}],"line":30}},"s":{"0":1,"1":1,"2":1,"3":1,"4":1,"5":1,"6":1,"7":1,"8":1,"9":1,"10":3,"11":1,"12":1,"13":1,"14":1,"15":1,"16":1,"17":1},"f":{"0":1,"1":1,"2":1,"3":1,"4":3,"5":1},"b":{"0":[1,0]},"_coverageSchema":"1a1c01bbd47fc00a2c39e90264f33305004495a9","hash":"b563e6f3d7d656a1cd8e4c901071a3ed4dfdeb73","contentHash":"2956cc445ab784b7ca054e69432f40c958ed1cfe5817aa72df61f4a769eb693e"}}